Log file open, 05/23/17 20:01:48
LogInit:Display: Running engine for game: Splody
LogInit: Version: 4.7.6-2513093+++depot+UE4-Releases+4.7
LogInit: API Version: 2455222
LogInit: Compiled (64-bit): Apr 15 2015 12:09:54
LogInit: Compiled with Visual C++: 18.00.21005.01
LogInit: Build Configuration: Development
LogInit: Branch Name: ++depot+UE4-Releases+4.7
LogInit: Command line: -EpicPortal 
LogInit: Base directory: C:/Program Files/Epic Games/4.7/Engine/Binaries/Win64/
LogInit: Rocket: 1
[2017.05.24-00.01.48:828][  0]LogTaskGraph: Started task graph with 3 named threads and 6 total threads.
[2017.05.24-00.01.48:919][  0]LogOnline:Warning: No default platform service specified for OnlineSubsystem
[2017.05.24-00.01.48:968][  0]LogInit: Presizing for 0 objects not considered by GC, pre-allocating 0 bytes.
[2017.05.24-00.01.49:001][  0]LogInit: Object subsystem initialized
[2017.05.24-00.01.49:015][  0]LogInit: Selected Device Profile: [Windows]
[2017.05.24-00.01.49:015][  0]LogInit: Applying CVar settings loaded from the selected device profile: [Windows]
[2017.05.24-00.01.49:044][  0]LogInit: Computer: KARYNN
[2017.05.24-00.01.49:045][  0]LogInit: User: g
[2017.05.24-00.01.49:045][  0]LogInit: CPU Page size=4096, Cores=4
[2017.05.24-00.01.49:045][  0]LogInit: High frequency timer resolution =2.338346 MHz
[2017.05.24-00.01.49:045][  0]LogMemory: Memory total: Physical=15.9GB (16GB approx) Virtual=131072.0GB
[2017.05.24-00.01.49:046][  0]LogMemory: Platform Memory Stats for Windows
[2017.05.24-00.01.49:046][  0]LogMemory: Process Physical Memory: 48.07 MB used, 48.07 MB peak
[2017.05.24-00.01.49:046][  0]LogMemory: Process Virtual Memory: 24.96 MB used, 24.96 MB peak
[2017.05.24-00.01.49:046][  0]LogMemory: Physical Memory: 3141.51 MB used, 16267.13 MB total
[2017.05.24-00.01.49:046][  0]LogMemory: Virtual Memory: 313.04 MB used, 134217728.00 MB total
[2017.05.24-00.01.49:149][  0]LogD3D11RHI: Found D3D11 adapter 0: NVIDIA GeForce GTX 850M (Feature Level 11_0)
[2017.05.24-00.01.49:149][  0]LogD3D11RHI: Adapter has 1995MB of dedicated video memory, 0MB of dedicated system memory, and 8133MB of shared system memory, 1 output[s]
[2017.05.24-00.01.49:168][  0]LogD3D11RHI: Found D3D11 adapter 1: Intel(R) HD Graphics 4600 (Feature Level 11_0)
[2017.05.24-00.01.49:168][  0]LogD3D11RHI: Adapter has 112MB of dedicated video memory, 0MB of dedicated system memory, and 2048MB of shared system memory, 0 output[s]
[2017.05.24-00.01.49:172][  0]LogD3D11RHI: Found D3D11 adapter 2: Microsoft Basic Render Driver (Feature Level 11_0)
[2017.05.24-00.01.49:172][  0]LogD3D11RHI: Adapter has 0MB of dedicated video memory, 0MB of dedicated system memory, and 8133MB of shared system memory, 0 output[s]
[2017.05.24-00.01.49:172][  0]LogD3D11RHI: Chosen D3D11 Adapter Id = 0
[2017.05.24-00.01.49:185][  0]LogRHI: Texture pool is 1361 MB (70% of 1945 MB)
[2017.05.24-00.01.49:221][  0]LogD3D11RHI: Async texture creation enabled
[2017.05.24-00.01.49:357][  0]LogTextLocalizationManager: The requested culture ('en_US') has no localization data; parent culture's ('en') localization data will be used.
[2017.05.24-00.01.49:576][  0]LogTextLocalizationManager:Warning: Loading localization resources contain conflicting entries for (Namespace:UICommands, Key:Save_ToolTip):
Resource: (C:/Program Files/Epic Games/4.7/Engine/Content/Localization/Editor/en/Editor.locres) Hash: (-29098895) String: (Saves the current level to disk)
Resource: (C:/Program Files/Epic Games/4.7/Engine/Content/Localization/Engine/en/Engine.locres) Hash: (-1280300587) String: (Save selected data to vlog file)
[2017.05.24-00.01.49:576][  0]LogTextLocalizationManager:Warning: Loading localization resources contain conflicting entries for (Namespace:ContentBrowser, Key:ImportAssetToolTip):
Resource: (C:/Program Files/Epic Games/4.7/Engine/Content/Localization/Editor/en/Editor.locres) Hash: (-630476809) String: (Import to {0}...)
Resource: (C:/Program Files/Epic Games/4.7/Engine/Content/Localization/Editor/en/Editor.locres) Hash: (1271782899) String: (Imports an asset from file to this folder.)
[2017.05.24-00.01.49:859][  0]LogContentStreaming: Texture pool size is 0.000000MB
[2017.05.24-00.01.56:708][  0]LogTargetPlatformManager:Display: Building Assets For Windows
[2017.05.24-00.01.58:063][  0]LogTargetPlatformManager:Display: Building Assets For Windows
[2017.05.24-00.01.58:293][  0]LogDerivedDataCache:Display: Max Cache Size: 512 MB
[2017.05.24-00.01.58:416][  0]LogDerivedDataCache: Loaded boot cache 0.12s 39MB C:/Users/g/AppData/Local/UnrealEngine/4.7/DerivedDataCache/Boot.ddc.
[2017.05.24-00.01.58:416][  0]LogDerivedDataCache:Display: Loaded Boot cache: C:/Users/g/AppData/Local/UnrealEngine/4.7/DerivedDataCache/Boot.ddc
[2017.05.24-00.01.58:416][  0]LogDerivedDataCache: FDerivedDataBackendGraph:  Pak pak cache file ../../../../../../Users/g/Documents/Unreal Projects/Splody/DerivedDataCache/DDC.ddp not found, will not use a pak cache.
[2017.05.24-00.01.58:416][  0]LogDerivedDataCache: Unable to find inner node Pak for hierarchical cache Hierarchy.
[2017.05.24-00.01.58:834][  0]LogDerivedDataCache:Display: Pak cache opened for reading ../../../Engine/DerivedDataCache/Compressed.ddp.
[2017.05.24-00.01.58:847][  0]LogDerivedDataCache: Using Local data cache path C:/Users/g/AppData/Local/UnrealEngine/Common/DerivedDataCache: Writable
[2017.05.24-00.01.59:551][  0]LogMeshUtilities: No automatic mesh reduction module available
[2017.05.24-00.01.59:551][  0]LogMeshUtilities: No automatic mesh merging module available
[2017.05.24-00.02.00:292][  0]LogInit: WinSock: version 1.1 (2.2), MaxSocks=32767, MaxUdp=65467
[2017.05.24-00.02.00:452][  0]LogSlate:Warning: Failed to load font data from '../../../Engine/Content/Slate/Fonts/Roboto-Italic.ttf'
[2017.05.24-00.02.02:439][  0]UdpMessaging: Initializing bridge on interface 0.0.0.0:0 to multicast group 230.0.0.1:6666.
[2017.05.24-00.02.02:997][  0]SourceControl: Info Source control is disabled
[2017.05.24-00.02.02:998][  0]SourceControl: Info Source control is disabled
[2017.05.24-00.02.02:998][  0]SourceControl: Info Source control is disabled
[2017.05.24-00.02.02:998][  0]LogSourceControl: RunCommandInternalRaw: 'git version'
[2017.05.24-00.02.02:998][  0]LogSourceControl: RunCommandInternalRaw: ExecProcess ReturnCode=2 OutResults=''
[2017.05.24-00.02.03:034][  0]SourceControl: Info Source control is disabled
[2017.05.24-00.02.03:662][  0]LogObj: 24232 objects as part of root set at end of initial load.
[2017.05.24-00.02.03:662][  0]LogUObjectAllocator: 5137168 out of 0 bytes used by permanent object pool.
[2017.05.24-00.02.03:925][  0]LogEngine: Initializing Engine...
[2017.05.24-00.02.06:407][  0]LogInit: XAudio2 using 'Speakers (Realtek High Definition Audio)' : 2 channels at 48 kHz using 32 bits per sample (channel mask 0x3)
[2017.05.24-00.02.06:694][  0]LogInit: FAudioDevice initialized.
[2017.05.24-00.02.06:836][  0]LogAIModule: Creating AISystem for world NewWorld
[2017.05.24-00.02.06:897][  0]LogDerivedDataCache: Saved boot cache 0.06s 39MB C:/Users/g/AppData/Local/UnrealEngine/4.7/DerivedDataCache/Boot.ddc.
[2017.05.24-00.02.06:915][  0]LogInit: Texture streaming: Enabled
[2017.05.24-00.02.07:250][  0]LogAnalytics: Creating configured Analytics provider AnalyticsET
[2017.05.24-00.02.07:250][  0]LogAnalytics: ET APIKey = Rocket.Release. APIServer = http://et2.epicgames.com/ET2/. AppVersion = 4.7.6-2513093+++depot+UE4-Releases+4.7
[2017.05.24-00.02.07:250][  0]LogAnalytics: ET APIKey = Rocket.Release. DataRouterUploadURL = https://datarouter-public-service-gamedev.ol.epicgames.net/datarouter/api/v1/public/data. AppVersion = 4.7.6-2513093+++depot+UE4-Releases+4.7
[2017.05.24-00.02.07:251][  0]LogAnalytics: SetUserId c173fd5e4cd174d9abe4f8a674609e0a|539c57b715bb43a7a2b5ab4de7711366|ee3cdb78-a91e-42e0-a771-47cce7ca8124
[2017.05.24-00.02.07:251][  0]LogAnalytics: AnalyticsET::StartSession [Rocket.Release]
[2017.05.24-00.02.07:349][  0]LogInit: Transaction tracking system initialized
[2017.05.24-00.02.07:986][  0]BlueprintLog: New page: Editor Load
[2017.05.24-00.02.08:081][  0]LogAssetRegistry: FAssetRegistry took 0.0110 seconds to start up
[2017.05.24-00.02.08:082][  0]LogDirectoryWatcher:Warning: Failed to begin reading directory changes for ../../../Engine/Plugins/Experimental/CharacterAI/Content/. Error: 0
[2017.05.24-00.02.09:799][  0]LogTargetPlatformManager:Display: Building Assets For Windows
[2017.05.24-00.02.10:915][  0]LogTargetPlatformManager:Display: Building Assets For Windows
[2017.05.24-00.02.11:819][  0]LogInit:Warning: CVar named 'r.MobileHDR' marked up in URenderingSettings was not found or is set to read-only
[2017.05.24-00.02.28:001][  0]LogLinker:Warning: Can't find file '/Game/ThirdPersonBP/ThirdPersonOverview'
[2017.05.24-00.02.28:001][  0]LogLinker:Warning: Can't find file '/Game/ThirdPersonBP/ThirdPersonOverview'
[2017.05.24-00.02.28:002][  0]LogUObjectGlobals:Warning: Failed to find object 'Class /Game/ThirdPersonBP/ThirdPersonOverview.ThirdPersonOverview_C'
[2017.05.24-00.02.28:127][  0]LogSlate:Warning: Failed to load font data from '../../../Engine/Content/Editor/Slate/Fonts/Roboto-Regular.ttf'
[2017.05.24-00.02.28:128][  0]LogSlate:Warning: Failed to load font data from '../../../Engine/Content/Editor/Slate/Fonts/Roboto-Bold.ttf'
[2017.05.24-00.02.28:158][  0]LogConsoleResponse:Display: 
[2017.05.24-00.02.28:536][  0]LogCook:Display: Done creating registry. It took  0.00s.
[2017.05.24-00.02.29:120][  0]SourceControl: Info Source control is disabled
[2017.05.24-00.02.29:122][  0]LogPackageName:Error: DoesPackageExist: DoesPackageExist FAILED: 'StarterContent/StarterContent' is not a standard unreal filename or a long path name. Reason: Path should start with a '/'
[2017.05.24-00.02.29:122][  0]LogPackageName:Error: DoesPackageExist: DoesPackageExist FAILED: 'StarterContent/StarterContent' is not a standard unreal filename or a long path name. Reason: Path should start with a '/'
[2017.05.24-00.02.29:122][  0]LogFactory: FactoryCreateBinary: PackFactory with PackFactory (0 0 C:/Program Files/Epic Games/4.7/FeaturePacks/StarterContent.upack)
[2017.05.24-00.02.42:564][  0]LogPackFactory: Content/StarterContent/Architecture/Floor_400x400.uasset (48141) -> ../../../../../../Users/g/Documents/Unreal Projects/Splody/Content/StarterContent/Architecture/Floor_400x400.uasset
[2017.05.24-00.02.42:579][  0]LogPackFactory: Content/StarterContent/Architecture/Pillar_50x500.uasset (65452) -> ../../../../../../Users/g/Documents/Unreal Projects/Splody/Content/StarterContent/Architecture/Pillar_50x500.uasset
[2017.05.24-00.02.42:593][  0]LogPackFactory: Content/StarterContent/Architecture/SM_AssetPlatform.uasset (452977) -> ../../../../../../Users/g/Documents/Unreal Projects/Splody/Content/StarterContent/Architecture/SM_AssetPlatform.uasset
[2017.05.24-00.02.42:609][  0]LogPackFactory: Content/StarterContent/Architecture/SM_CeilingPiece500x500.uasset (441) -> ../../../../../../Users/g/Documents/Unreal Projects/Splody/Content/StarterContent/Architecture/SM_CeilingPiece500x500.uasset
[2017.05.24-00.02.42:621][  0]LogPackFactory: Content/StarterContent/Architecture/SM_FloorPiece500x500.uasset (439) -> ../../../../../../Users/g/Documents/Unreal Projects/Splody/Content/StarterContent/Architecture/SM_FloorPiece500x500.uasset
[2017.05.24-00.02.42:633][  0]LogPackFactory: Content/StarterContent/Architecture/Wall_400x200.uasset (42169) -> ../../../../../../Users/g/Documents/Unreal Projects/Splody/Content/StarterContent/Architecture/Wall_400x200.uasset
[2017.05.24-00.02.42:648][  0]LogPackFactory: Content/StarterContent/Architecture/Wall_400x300.uasset (41804) -> ../../../../../../Users/g/Documents/Unreal Projects/Splody/Content/StarterContent/Architecture/Wall_400x300.uasset
[2017.05.24-00.02.42:662][  0]LogPackFactory: Content/StarterContent/Architecture/Wall_400x400.uasset (43426) -> ../../../../../../Users/g/Documents/Unreal Projects/Splody/Content/StarterContent/Architecture/Wall_400x400.uasset
[2017.05.24-00.02.42:676][  0]LogPackFactory: Content/StarterContent/Architecture/Wall_500x500.uasset (57909) -> ../../../../../../Users/g/Documents/Unreal Projects/Splody/Content/StarterContent/Architecture/Wall_500x500.uasset
[2017.05.24-00.02.42:690][  0]LogPackFactory: Content/StarterContent/Architecture/Wall_Door_400x300.uasset (52430) -> ../../../../../../Users/g/Documents/Unreal Projects/Splody/Content/StarterContent/Architecture/Wall_Door_400x300.uasset
[2017.05.24-00.02.42:705][  0]LogPackFactory: Content/StarterContent/Architecture/Wall_Door_400x400.uasset (53246) -> ../../../../../../Users/g/Documents/Unreal Projects/Splody/Content/StarterContent/Architecture/Wall_Door_400x400.uasset
[2017.05.24-00.02.42:719][  0]LogPackFactory: Content/StarterContent/Architecture/Wall_Window_400x300.uasset (53709) -> ../../../../../../Users/g/Documents/Unreal Projects/Splody/Content/StarterContent/Architecture/Wall_Window_400x300.uasset
[2017.05.24-00.02.42:733][  0]LogPackFactory: Content/StarterContent/Architecture/Wall_Window_400x400.uasset (54778) -> ../../../../../../Users/g/Documents/Unreal Projects/Splody/Content/StarterContent/Architecture/Wall_Window_400x400.uasset
[2017.05.24-00.02.42:747][  0]LogPackFactory: Content/StarterContent/Audio/Collapse01.uasset (348532) -> ../../../../../../Users/g/Documents/Unreal Projects/Splody/Content/StarterContent/Audio/Collapse01.uasset
[2017.05.24-00.02.42:761][  0]LogPackFactory: Content/StarterContent/Audio/Collapse02.uasset (346701) -> ../../../../../../Users/g/Documents/Unreal Projects/Splody/Content/StarterContent/Audio/Collapse02.uasset
[2017.05.24-00.02.42:776][  0]LogPackFactory: Content/StarterContent/Audio/Collapse_Cue.uasset (6113) -> ../../../../../../Users/g/Documents/Unreal Projects/Splody/Content/StarterContent/Audio/Collapse_Cue.uasset
[2017.05.24-00.02.42:789][  0]LogPackFactory: Content/StarterContent/Audio/Explosion01.uasset (282440) -> ../../../../../../Users/g/Documents/Unreal Projects/Splody/Content/StarterContent/Audio/Explosion01.uasset
[2017.05.24-00.02.42:803][  0]LogPackFactory: Content/StarterContent/Audio/Explosion02.uasset (289195) -> ../../../../../../Users/g/Documents/Unreal Projects/Splody/Content/StarterContent/Audio/Explosion02.uasset
[2017.05.24-00.02.42:819][  0]LogPackFactory: Content/StarterContent/Audio/Explosion_Cue.uasset (7657) -> ../../../../../../Users/g/Documents/Unreal Projects/Splody/Content/StarterContent/Audio/Explosion_Cue.uasset
[2017.05.24-00.02.42:832][  0]LogPackFactory: Content/StarterContent/Audio/Fire01.uasset (549696) -> ../../../../../../Users/g/Documents/Unreal Projects/Splody/Content/StarterContent/Audio/Fire01.uasset
[2017.05.24-00.02.42:847][  0]LogPackFactory: Content/StarterContent/Audio/Fire01_Cue.uasset (3894) -> ../../../../../../Users/g/Documents/Unreal Projects/Splody/Content/StarterContent/Audio/Fire01_Cue.uasset
[2017.05.24-00.02.42:860][  0]LogPackFactory: Content/StarterContent/Audio/Fire_Sparks01.uasset (796274) -> ../../../../../../Users/g/Documents/Unreal Projects/Splody/Content/StarterContent/Audio/Fire_Sparks01.uasset
[2017.05.24-00.02.42:874][  0]LogPackFactory: Content/StarterContent/Audio/Fire_Sparks01_Cue.uasset (3908) -> ../../../../../../Users/g/Documents/Unreal Projects/Splody/Content/StarterContent/Audio/Fire_Sparks01_Cue.uasset
[2017.05.24-00.02.42:887][  0]LogPackFactory: Content/StarterContent/Audio/Light01.uasset (364532) -> ../../../../../../Users/g/Documents/Unreal Projects/Splody/Content/StarterContent/Audio/Light01.uasset
[2017.05.24-00.02.42:901][  0]LogPackFactory: Content/StarterContent/Audio/Light01_Cue.uasset (3852) -> ../../../../../../Users/g/Documents/Unreal Projects/Splody/Content/StarterContent/Audio/Light01_Cue.uasset
[2017.05.24-00.02.42:914][  0]LogPackFactory: Content/StarterContent/Audio/Light02.uasset (308156) -> ../../../../../../Users/g/Documents/Unreal Projects/Splody/Content/StarterContent/Audio/Light02.uasset
[2017.05.24-00.02.42:928][  0]LogPackFactory: Content/StarterContent/Audio/Light02_Cue.uasset (3852) -> ../../../../../../Users/g/Documents/Unreal Projects/Splody/Content/StarterContent/Audio/Light02_Cue.uasset
[2017.05.24-00.02.42:941][  0]LogPackFactory: Content/StarterContent/Audio/Smoke01.uasset (476002) -> ../../../../../../Users/g/Documents/Unreal Projects/Splody/Content/StarterContent/Audio/Smoke01.uasset
[2017.05.24-00.02.42:956][  0]LogPackFactory: Content/StarterContent/Audio/Smoke01_Cue.uasset (3872) -> ../../../../../../Users/g/Documents/Unreal Projects/Splody/Content/StarterContent/Audio/Smoke01_Cue.uasset
[2017.05.24-00.02.42:970][  0]LogPackFactory: Content/StarterContent/Audio/Starter_Background_Cue.uasset (9874) -> ../../../../../../Users/g/Documents/Unreal Projects/Splody/Content/StarterContent/Audio/Starter_Background_Cue.uasset
[2017.05.24-00.02.42:984][  0]LogPackFactory: Content/StarterContent/Audio/Starter_Birds01.uasset (2689459) -> ../../../../../../Users/g/Documents/Unreal Projects/Splody/Content/StarterContent/Audio/Starter_Birds01.uasset
[2017.05.24-00.02.43:002][  0]LogPackFactory: Content/StarterContent/Audio/Starter_Music01.uasset (8445372) -> ../../../../../../Users/g/Documents/Unreal Projects/Splody/Content/StarterContent/Audio/Starter_Music01.uasset
[2017.05.24-00.02.43:028][  0]LogPackFactory: Content/StarterContent/Audio/Starter_Music_Cue.uasset (3390) -> ../../../../../../Users/g/Documents/Unreal Projects/Splody/Content/StarterContent/Audio/Starter_Music_Cue.uasset
[2017.05.24-00.02.43:041][  0]LogPackFactory: Content/StarterContent/Audio/Starter_Wind05.uasset (2312702) -> ../../../../../../Users/g/Documents/Unreal Projects/Splody/Content/StarterContent/Audio/Starter_Wind05.uasset
[2017.05.24-00.02.43:057][  0]LogPackFactory: Content/StarterContent/Audio/Starter_Wind06.uasset (2195539) -> ../../../../../../Users/g/Documents/Unreal Projects/Splody/Content/StarterContent/Audio/Starter_Wind06.uasset
[2017.05.24-00.02.43:074][  0]LogPackFactory: Content/StarterContent/Audio/Steam01.uasset (819028) -> ../../../../../../Users/g/Documents/Unreal Projects/Splody/Content/StarterContent/Audio/Steam01.uasset
[2017.05.24-00.02.43:088][  0]LogPackFactory: Content/StarterContent/Audio/Steam01_Cue.uasset (3900) -> ../../../../../../Users/g/Documents/Unreal Projects/Splody/Content/StarterContent/Audio/Steam01_Cue.uasset
[2017.05.24-00.02.43:100][  0]LogPackFactory: Content/StarterContent/Blueprints/Assets/FogBrightnessLUT.uasset (1011) -> ../../../../../../Users/g/Documents/Unreal Projects/Splody/Content/StarterContent/Blueprints/Assets/FogBrightnessLUT.uasset
[2017.05.24-00.02.43:114][  0]LogPackFactory: Content/StarterContent/Blueprints/Assets/M_LightStage_Arrows.uasset (44857) -> ../../../../../../Users/g/Documents/Unreal Projects/Splody/Content/StarterContent/Blueprints/Assets/M_LightStage_Arrows.uasset
[2017.05.24-00.02.43:128][  0]LogPackFactory: Content/StarterContent/Blueprints/Assets/M_LightStage_Skybox_Black.uasset (67062) -> ../../../../../../Users/g/Documents/Unreal Projects/Splody/Content/StarterContent/Blueprints/Assets/M_LightStage_Skybox_Black.uasset
[2017.05.24-00.02.43:143][  0]LogPackFactory: Content/StarterContent/Blueprints/Assets/M_LightStage_Skybox_HDRI.uasset (100458) -> ../../../../../../Users/g/Documents/Unreal Projects/Splody/Content/StarterContent/Blueprints/Assets/M_LightStage_Skybox_HDRI.uasset
[2017.05.24-00.02.43:157][  0]LogPackFactory: Content/StarterContent/Blueprints/Assets/M_LightStage_Skybox_Master.uasset (75669) -> ../../../../../../Users/g/Documents/Unreal Projects/Splody/Content/StarterContent/Blueprints/Assets/M_LightStage_Skybox_Master.uasset
[2017.05.24-00.02.43:171][  0]LogPackFactory: Content/StarterContent/Blueprints/Assets/Skybox.uasset (644855) -> ../../../../../../Users/g/Documents/Unreal Projects/Splody/Content/StarterContent/Blueprints/Assets/Skybox.uasset
[2017.05.24-00.02.43:185][  0]LogPackFactory: Content/StarterContent/Blueprints/Assets/SM_Arrows.uasset (520136) -> ../../../../../../Users/g/Documents/Unreal Projects/Splody/Content/StarterContent/Blueprints/Assets/SM_Arrows.uasset
[2017.05.24-00.02.43:200][  0]LogPackFactory: Content/StarterContent/Blueprints/Assets/SunlightColorLUT.uasset (1506) -> ../../../../../../Users/g/Documents/Unreal Projects/Splody/Content/StarterContent/Blueprints/Assets/SunlightColorLUT.uasset
[2017.05.24-00.02.43:212][  0]LogPackFactory: Content/StarterContent/Blueprints/Blueprint_CeilingLight.uasset (66613) -> ../../../../../../Users/g/Documents/Unreal Projects/Splody/Content/StarterContent/Blueprints/Blueprint_CeilingLight.uasset
[2017.05.24-00.02.43:228][  0]LogPackFactory: Content/StarterContent/Blueprints/Blueprint_Effect_Explosion.uasset (8324) -> ../../../../../../Users/g/Documents/Unreal Projects/Splody/Content/StarterContent/Blueprints/Blueprint_Effect_Explosion.uasset
[2017.05.24-00.02.43:243][  0]LogPackFactory: Content/StarterContent/Blueprints/Blueprint_Effect_Fire.uasset (8332) -> ../../../../../../Users/g/Documents/Unreal Projects/Splody/Content/StarterContent/Blueprints/Blueprint_Effect_Fire.uasset
[2017.05.24-00.02.43:258][  0]LogPackFactory: Content/StarterContent/Blueprints/Blueprint_Effect_Smoke.uasset (8346) -> ../../../../../../Users/g/Documents/Unreal Projects/Splody/Content/StarterContent/Blueprints/Blueprint_Effect_Smoke.uasset
[2017.05.24-00.02.43:272][  0]LogPackFactory: Content/StarterContent/Blueprints/Blueprint_Effect_Sparks.uasset (8365) -> ../../../../../../Users/g/Documents/Unreal Projects/Splody/Content/StarterContent/Blueprints/Blueprint_Effect_Sparks.uasset
[2017.05.24-00.02.43:287][  0]LogPackFactory: Content/StarterContent/Blueprints/Blueprint_Effect_Steam.uasset (8354) -> ../../../../../../Users/g/Documents/Unreal Projects/Splody/Content/StarterContent/Blueprints/Blueprint_Effect_Steam.uasset
[2017.05.24-00.02.43:301][  0]LogPackFactory: Content/StarterContent/Blueprints/Blueprint_WallSconce.uasset (52866) -> ../../../../../../Users/g/Documents/Unreal Projects/Splody/Content/StarterContent/Blueprints/Blueprint_WallSconce.uasset
[2017.05.24-00.02.43:317][  0]LogPackFactory: Content/StarterContent/Blueprints/BP_LightStudio.uasset (337416) -> ../../../../../../Users/g/Documents/Unreal Projects/Splody/Content/StarterContent/Blueprints/BP_LightStudio.uasset
[2017.05.24-00.02.43:331][  0]LogPackFactory: Content/StarterContent/HDRI/HDRI_Epic_Courtyard_Daylight.uasset (72364642) -> ../../../../../../Users/g/Documents/Unreal Projects/Splody/Content/StarterContent/HDRI/HDRI_Epic_Courtyard_Daylight.uasset
[2017.05.24-00.02.43:451][  0]LogPackFactory: Content/StarterContent/Maps/Advanced_Lighting.umap (223408) -> ../../../../../../Users/g/Documents/Unreal Projects/Splody/Content/StarterContent/Maps/Advanced_Lighting.umap
[2017.05.24-00.02.43:466][  0]LogPackFactory: Content/StarterContent/Maps/Minimal_Default.umap (2154106) -> ../../../../../../Users/g/Documents/Unreal Projects/Splody/Content/StarterContent/Maps/Minimal_Default.umap
[2017.05.24-00.02.43:483][  0]LogPackFactory: Content/StarterContent/Maps/StarterMap.umap (16371806) -> ../../../../../../Users/g/Documents/Unreal Projects/Splody/Content/StarterContent/Maps/StarterMap.umap
[2017.05.24-00.02.43:520][  0]LogPackFactory: Content/StarterContent/Materials/M_AssetPlatform.uasset (68672) -> ../../../../../../Users/g/Documents/Unreal Projects/Splody/Content/StarterContent/Materials/M_AssetPlatform.uasset
[2017.05.24-00.02.43:535][  0]LogPackFactory: Content/StarterContent/Materials/M_Basic_Floor.uasset (65286) -> ../../../../../../Users/g/Documents/Unreal Projects/Splody/Content/StarterContent/Materials/M_Basic_Floor.uasset
[2017.05.24-00.02.43:548][  0]LogPackFactory: Content/StarterContent/Materials/M_Basic_Wall.uasset (55455) -> ../../../../../../Users/g/Documents/Unreal Projects/Splody/Content/StarterContent/Materials/M_Basic_Wall.uasset
[2017.05.24-00.02.43:563][  0]LogPackFactory: Content/StarterContent/Materials/M_Brick_Clay_Beveled.uasset (100568) -> ../../../../../../Users/g/Documents/Unreal Projects/Splody/Content/StarterContent/Materials/M_Brick_Clay_Beveled.uasset
[2017.05.24-00.02.43:576][  0]LogPackFactory: Content/StarterContent/Materials/M_Brick_Clay_New.uasset (130734) -> ../../../../../../Users/g/Documents/Unreal Projects/Splody/Content/StarterContent/Materials/M_Brick_Clay_New.uasset
[2017.05.24-00.02.43:590][  0]LogPackFactory: Content/StarterContent/Materials/M_Brick_Clay_Old.uasset (123390) -> ../../../../../../Users/g/Documents/Unreal Projects/Splody/Content/StarterContent/Materials/M_Brick_Clay_Old.uasset
[2017.05.24-00.02.43:603][  0]LogPackFactory: Content/StarterContent/Materials/M_Brick_Cut_Stone.uasset (122803) -> ../../../../../../Users/g/Documents/Unreal Projects/Splody/Content/StarterContent/Materials/M_Brick_Cut_Stone.uasset
[2017.05.24-00.02.43:617][  0]LogPackFactory: Content/StarterContent/Materials/M_Brick_Hewn_Stone.uasset (90915) -> ../../../../../../Users/g/Documents/Unreal Projects/Splody/Content/StarterContent/Materials/M_Brick_Hewn_Stone.uasset
[2017.05.24-00.02.43:630][  0]LogPackFactory: Content/StarterContent/Materials/M_Ceramic_Tile_Checker.uasset (91562) -> ../../../../../../Users/g/Documents/Unreal Projects/Splody/Content/StarterContent/Materials/M_Ceramic_Tile_Checker.uasset
[2017.05.24-00.02.43:643][  0]LogPackFactory: Content/StarterContent/Materials/M_CobbleStone_Pebble.uasset (122364) -> ../../../../../../Users/g/Documents/Unreal Projects/Splody/Content/StarterContent/Materials/M_CobbleStone_Pebble.uasset
[2017.05.24-00.02.43:657][  0]LogPackFactory: Content/StarterContent/Materials/M_CobbleStone_Rough.uasset (199387) -> ../../../../../../Users/g/Documents/Unreal Projects/Splody/Content/StarterContent/Materials/M_CobbleStone_Rough.uasset
[2017.05.24-00.02.43:670][  0]LogPackFactory: Content/StarterContent/Materials/M_CobbleStone_Smooth.uasset (206806) -> ../../../../../../Users/g/Documents/Unreal Projects/Splody/Content/StarterContent/Materials/M_CobbleStone_Smooth.uasset
[2017.05.24-00.02.43:684][  0]LogPackFactory: Content/StarterContent/Materials/M_ColorGrid_LowSpec.uasset (85099) -> ../../../../../../Users/g/Documents/Unreal Projects/Splody/Content/StarterContent/Materials/M_ColorGrid_LowSpec.uasset
[2017.05.24-00.02.43:698][  0]LogPackFactory: Content/StarterContent/Materials/M_Concrete_Grime.uasset (91620) -> ../../../../../../Users/g/Documents/Unreal Projects/Splody/Content/StarterContent/Materials/M_Concrete_Grime.uasset
[2017.05.24-00.02.43:711][  0]LogPackFactory: Content/StarterContent/Materials/M_Concrete_Panels.uasset (102285) -> ../../../../../../Users/g/Documents/Unreal Projects/Splody/Content/StarterContent/Materials/M_Concrete_Panels.uasset
[2017.05.24-00.02.43:727][  0]LogPackFactory: Content/StarterContent/Materials/M_Concrete_Poured.uasset (104859) -> ../../../../../../Users/g/Documents/Unreal Projects/Splody/Content/StarterContent/Materials/M_Concrete_Poured.uasset
[2017.05.24-00.02.43:741][  0]LogPackFactory: Content/StarterContent/Materials/M_Concrete_Tiles.uasset (105831) -> ../../../../../../Users/g/Documents/Unreal Projects/Splody/Content/StarterContent/Materials/M_Concrete_Tiles.uasset
[2017.05.24-00.02.43:760][  0]LogPackFactory: Content/StarterContent/Materials/M_Glass.uasset (48151) -> ../../../../../../Users/g/Documents/Unreal Projects/Splody/Content/StarterContent/Materials/M_Glass.uasset
[2017.05.24-00.02.43:774][  0]LogPackFactory: Content/StarterContent/Materials/M_Ground_Grass.uasset (95378) -> ../../../../../../Users/g/Documents/Unreal Projects/Splody/Content/StarterContent/Materials/M_Ground_Grass.uasset
[2017.05.24-00.02.43:787][  0]LogPackFactory: Content/StarterContent/Materials/M_Ground_Gravel.uasset (120447) -> ../../../../../../Users/g/Documents/Unreal Projects/Splody/Content/StarterContent/Materials/M_Ground_Gravel.uasset
[2017.05.24-00.02.43:800][  0]LogPackFactory: Content/StarterContent/Materials/M_Ground_Moss.uasset (128000) -> ../../../../../../Users/g/Documents/Unreal Projects/Splody/Content/StarterContent/Materials/M_Ground_Moss.uasset
[2017.05.24-00.02.43:814][  0]LogPackFactory: Content/StarterContent/Materials/M_Metal_Brushed_Nickel.uasset (79826) -> ../../../../../../Users/g/Documents/Unreal Projects/Splody/Content/StarterContent/Materials/M_Metal_Brushed_Nickel.uasset
[2017.05.24-00.02.43:827][  0]LogPackFactory: Content/StarterContent/Materials/M_Metal_Burnished_Steel.uasset (97779) -> ../../../../../../Users/g/Documents/Unreal Projects/Splody/Content/StarterContent/Materials/M_Metal_Burnished_Steel.uasset
[2017.05.24-00.02.43:841][  0]LogPackFactory: Content/StarterContent/Materials/M_Metal_Chrome.uasset (79618) -> ../../../../../../Users/g/Documents/Unreal Projects/Splody/Content/StarterContent/Materials/M_Metal_Chrome.uasset
[2017.05.24-00.02.43:854][  0]LogPackFactory: Content/StarterContent/Materials/M_Metal_Copper.uasset (94475) -> ../../../../../../Users/g/Documents/Unreal Projects/Splody/Content/StarterContent/Materials/M_Metal_Copper.uasset
[2017.05.24-00.02.43:868][  0]LogPackFactory: Content/StarterContent/Materials/M_Metal_Gold.uasset (96084) -> ../../../../../../Users/g/Documents/Unreal Projects/Splody/Content/StarterContent/Materials/M_Metal_Gold.uasset
[2017.05.24-00.02.43:883][  0]LogPackFactory: Content/StarterContent/Materials/M_Metal_Rust.uasset (109365) -> ../../../../../../Users/g/Documents/Unreal Projects/Splody/Content/StarterContent/Materials/M_Metal_Rust.uasset
[2017.05.24-00.02.43:897][  0]LogPackFactory: Content/StarterContent/Materials/M_Metal_Steel.uasset (96230) -> ../../../../../../Users/g/Documents/Unreal Projects/Splody/Content/StarterContent/Materials/M_Metal_Steel.uasset
[2017.05.24-00.02.43:911][  0]LogPackFactory: Content/StarterContent/Materials/M_Rock_Basalt.uasset (121462) -> ../../../../../../Users/g/Documents/Unreal Projects/Splody/Content/StarterContent/Materials/M_Rock_Basalt.uasset
[2017.05.24-00.02.43:924][  0]LogPackFactory: Content/StarterContent/Materials/M_Rock_Marble_Polished.uasset (98409) -> ../../../../../../Users/g/Documents/Unreal Projects/Splody/Content/StarterContent/Materials/M_Rock_Marble_Polished.uasset
[2017.05.24-00.02.43:938][  0]LogPackFactory: Content/StarterContent/Materials/M_Rock_Sandstone.uasset (113552) -> ../../../../../../Users/g/Documents/Unreal Projects/Splody/Content/StarterContent/Materials/M_Rock_Sandstone.uasset
[2017.05.24-00.02.43:951][  0]LogPackFactory: Content/StarterContent/Materials/M_Rock_Slate.uasset (110874) -> ../../../../../../Users/g/Documents/Unreal Projects/Splody/Content/StarterContent/Materials/M_Rock_Slate.uasset
[2017.05.24-00.02.43:965][  0]LogPackFactory: Content/StarterContent/Materials/M_Tech_Checker_Dot.uasset (98373) -> ../../../../../../Users/g/Documents/Unreal Projects/Splody/Content/StarterContent/Materials/M_Tech_Checker_Dot.uasset
[2017.05.24-00.02.43:979][  0]LogPackFactory: Content/StarterContent/Materials/M_Tech_Hex_Tile.uasset (140303) -> ../../../../../../Users/g/Documents/Unreal Projects/Splody/Content/StarterContent/Materials/M_Tech_Hex_Tile.uasset
[2017.05.24-00.02.43:995][  0]LogPackFactory: Content/StarterContent/Materials/M_Tech_Hex_Tile_Pulse.uasset (115223) -> ../../../../../../Users/g/Documents/Unreal Projects/Splody/Content/StarterContent/Materials/M_Tech_Hex_Tile_Pulse.uasset
[2017.05.24-00.02.44:009][  0]LogPackFactory: Content/StarterContent/Materials/M_Tech_Panel.uasset (98003) -> ../../../../../../Users/g/Documents/Unreal Projects/Splody/Content/StarterContent/Materials/M_Tech_Panel.uasset
[2017.05.24-00.02.44:022][  0]LogPackFactory: Content/StarterContent/Materials/M_Water_Lake.uasset (96267) -> ../../../../../../Users/g/Documents/Unreal Projects/Splody/Content/StarterContent/Materials/M_Water_Lake.uasset
[2017.05.24-00.02.44:035][  0]LogPackFactory: Content/StarterContent/Materials/M_Water_Ocean.uasset (100717) -> ../../../../../../Users/g/Documents/Unreal Projects/Splody/Content/StarterContent/Materials/M_Water_Ocean.uasset
[2017.05.24-00.02.44:049][  0]LogPackFactory: Content/StarterContent/Materials/M_Wood_Floor_Walnut_Polished.uasset (82816) -> ../../../../../../Users/g/Documents/Unreal Projects/Splody/Content/StarterContent/Materials/M_Wood_Floor_Walnut_Polished.uasset
[2017.05.24-00.02.44:063][  0]LogPackFactory: Content/StarterContent/Materials/M_Wood_Floor_Walnut_Worn.uasset (100628) -> ../../../../../../Users/g/Documents/Unreal Projects/Splody/Content/StarterContent/Materials/M_Wood_Floor_Walnut_Worn.uasset
[2017.05.24-00.02.44:078][  0]LogPackFactory: Content/StarterContent/Materials/M_Wood_Oak.uasset (107121) -> ../../../../../../Users/g/Documents/Unreal Projects/Splody/Content/StarterContent/Materials/M_Wood_Oak.uasset
[2017.05.24-00.02.44:091][  0]LogPackFactory: Content/StarterContent/Materials/M_Wood_Pine.uasset (97740) -> ../../../../../../Users/g/Documents/Unreal Projects/Splody/Content/StarterContent/Materials/M_Wood_Pine.uasset
[2017.05.24-00.02.44:104][  0]LogPackFactory: Content/StarterContent/Materials/M_Wood_Walnut.uasset (93022) -> ../../../../../../Users/g/Documents/Unreal Projects/Splody/Content/StarterContent/Materials/M_Wood_Walnut.uasset
[2017.05.24-00.02.44:118][  0]LogPackFactory: Content/StarterContent/Particles/Materials/M_Burst.uasset (43524) -> ../../../../../../Users/g/Documents/Unreal Projects/Splody/Content/StarterContent/Particles/Materials/M_Burst.uasset
[2017.05.24-00.02.44:133][  0]LogPackFactory: Content/StarterContent/Particles/Materials/M_Dust_Particle.uasset (40952) -> ../../../../../../Users/g/Documents/Unreal Projects/Splody/Content/StarterContent/Particles/Materials/M_Dust_Particle.uasset
[2017.05.24-00.02.44:147][  0]LogPackFactory: Content/StarterContent/Particles/Materials/M_explosion_subUV.uasset (62151) -> ../../../../../../Users/g/Documents/Unreal Projects/Splody/Content/StarterContent/Particles/Materials/M_explosion_subUV.uasset
[2017.05.24-00.02.44:161][  0]LogPackFactory: Content/StarterContent/Particles/Materials/M_Fire_SubUV.uasset (62224) -> ../../../../../../Users/g/Documents/Unreal Projects/Splody/Content/StarterContent/Particles/Materials/M_Fire_SubUV.uasset
[2017.05.24-00.02.44:175][  0]LogPackFactory: Content/StarterContent/Particles/Materials/m_flare_01.uasset (48172) -> ../../../../../../Users/g/Documents/Unreal Projects/Splody/Content/StarterContent/Particles/Materials/m_flare_01.uasset
[2017.05.24-00.02.44:188][  0]LogPackFactory: Content/StarterContent/Particles/Materials/M_Heat_Distortion.uasset (38287) -> ../../../../../../Users/g/Documents/Unreal Projects/Splody/Content/StarterContent/Particles/Materials/M_Heat_Distortion.uasset
[2017.05.24-00.02.44:202][  0]LogPackFactory: Content/StarterContent/Particles/Materials/M_Radial_Gradient.uasset (41181) -> ../../../../../../Users/g/Documents/Unreal Projects/Splody/Content/StarterContent/Particles/Materials/M_Radial_Gradient.uasset
[2017.05.24-00.02.44:217][  0]LogPackFactory: Content/StarterContent/Particles/Materials/M_radial_ramp.uasset (41193) -> ../../../../../../Users/g/Documents/Unreal Projects/Splody/Content/StarterContent/Particles/Materials/M_radial_ramp.uasset
[2017.05.24-00.02.44:232][  0]LogPackFactory: Content/StarterContent/Particles/Materials/M_smoke_subUV.uasset (76603) -> ../../../../../../Users/g/Documents/Unreal Projects/Splody/Content/StarterContent/Particles/Materials/M_smoke_subUV.uasset
[2017.05.24-00.02.44:245][  0]LogPackFactory: Content/StarterContent/Particles/Materials/M_Spark.uasset (43678) -> ../../../../../../Users/g/Documents/Unreal Projects/Splody/Content/StarterContent/Particles/Materials/M_Spark.uasset
[2017.05.24-00.02.44:259][  0]LogPackFactory: Content/StarterContent/Particles/P_Ambient_Dust.uasset (43456) -> ../../../../../../Users/g/Documents/Unreal Projects/Splody/Content/StarterContent/Particles/P_Ambient_Dust.uasset
[2017.05.24-00.02.44:273][  0]LogPackFactory: Content/StarterContent/Particles/P_Explosion.uasset (280221) -> ../../../../../../Users/g/Documents/Unreal Projects/Splody/Content/StarterContent/Particles/P_Explosion.uasset
[2017.05.24-00.02.44:287][  0]LogPackFactory: Content/StarterContent/Particles/P_Fire.uasset (259431) -> ../../../../../../Users/g/Documents/Unreal Projects/Splody/Content/StarterContent/Particles/P_Fire.uasset
[2017.05.24-00.02.44:302][  0]LogPackFactory: Content/StarterContent/Particles/P_Smoke.uasset (65670) -> ../../../../../../Users/g/Documents/Unreal Projects/Splody/Content/StarterContent/Particles/P_Smoke.uasset
[2017.05.24-00.02.44:316][  0]LogPackFactory: Content/StarterContent/Particles/P_Sparks.uasset (171805) -> ../../../../../../Users/g/Documents/Unreal Projects/Splody/Content/StarterContent/Particles/P_Sparks.uasset
[2017.05.24-00.02.44:330][  0]LogPackFactory: Content/StarterContent/Particles/P_Steam_Lit.uasset (117332) -> ../../../../../../Users/g/Documents/Unreal Projects/Splody/Content/StarterContent/Particles/P_Steam_Lit.uasset
[2017.05.24-00.02.44:343][  0]LogPackFactory: Content/StarterContent/Props/Materials/M_Bush.uasset (99988) -> ../../../../../../Users/g/Documents/Unreal Projects/Splody/Content/StarterContent/Props/Materials/M_Bush.uasset
[2017.05.24-00.02.44:358][  0]LogPackFactory: Content/StarterContent/Props/Materials/M_Chair.uasset (90187) -> ../../../../../../Users/g/Documents/Unreal Projects/Splody/Content/StarterContent/Props/Materials/M_Chair.uasset
[2017.05.24-00.02.44:372][  0]LogPackFactory: Content/StarterContent/Props/Materials/M_Door.uasset (87249) -> ../../../../../../Users/g/Documents/Unreal Projects/Splody/Content/StarterContent/Props/Materials/M_Door.uasset
[2017.05.24-00.02.44:387][  0]LogPackFactory: Content/StarterContent/Props/Materials/M_Frame.uasset (78682) -> ../../../../../../Users/g/Documents/Unreal Projects/Splody/Content/StarterContent/Props/Materials/M_Frame.uasset
[2017.05.24-00.02.44:400][  0]LogPackFactory: Content/StarterContent/Props/Materials/M_Lamp.uasset (90486) -> ../../../../../../Users/g/Documents/Unreal Projects/Splody/Content/StarterContent/Props/Materials/M_Lamp.uasset
[2017.05.24-00.02.44:413][  0]LogPackFactory: Content/StarterContent/Props/Materials/M_MaterialSphere.uasset (66766) -> ../../../../../../Users/g/Documents/Unreal Projects/Splody/Content/StarterContent/Props/Materials/M_MaterialSphere.uasset
[2017.05.24-00.02.44:428][  0]LogPackFactory: Content/StarterContent/Props/Materials/M_MaterialSphere_Plain.uasset (58832) -> ../../../../../../Users/g/Documents/Unreal Projects/Splody/Content/StarterContent/Props/Materials/M_MaterialSphere_Plain.uasset
[2017.05.24-00.02.44:442][  0]LogPackFactory: Content/StarterContent/Props/Materials/M_Rock.uasset (114715) -> ../../../../../../Users/g/Documents/Unreal Projects/Splody/Content/StarterContent/Props/Materials/M_Rock.uasset
[2017.05.24-00.02.44:458][  0]LogPackFactory: Content/StarterContent/Props/Materials/M_Shelf.uasset (78255) -> ../../../../../../Users/g/Documents/Unreal Projects/Splody/Content/StarterContent/Props/Materials/M_Shelf.uasset
[2017.05.24-00.02.44:472][  0]LogPackFactory: Content/StarterContent/Props/Materials/M_Statue.uasset (72790) -> ../../../../../../Users/g/Documents/Unreal Projects/Splody/Content/StarterContent/Props/Materials/M_Statue.uasset
[2017.05.24-00.02.44:486][  0]LogPackFactory: Content/StarterContent/Props/Materials/M_StatueGlass.uasset (56436) -> ../../../../../../Users/g/Documents/Unreal Projects/Splody/Content/StarterContent/Props/Materials/M_StatueGlass.uasset
[2017.05.24-00.02.44:499][  0]LogPackFactory: Content/StarterContent/Props/Materials/M_TableRound.uasset (89531) -> ../../../../../../Users/g/Documents/Unreal Projects/Splody/Content/StarterContent/Props/Materials/M_TableRound.uasset
[2017.05.24-00.02.44:513][  0]LogPackFactory: Content/StarterContent/Props/MaterialSphere.uasset (174533) -> ../../../../../../Users/g/Documents/Unreal Projects/Splody/Content/StarterContent/Props/MaterialSphere.uasset
[2017.05.24-00.02.44:528][  0]LogPackFactory: Content/StarterContent/Props/SM_Bush.uasset (152902) -> ../../../../../../Users/g/Documents/Unreal Projects/Splody/Content/StarterContent/Props/SM_Bush.uasset
[2017.05.24-00.02.44:542][  0]LogPackFactory: Content/StarterContent/Props/SM_Chair.uasset (213058) -> ../../../../../../Users/g/Documents/Unreal Projects/Splody/Content/StarterContent/Props/SM_Chair.uasset
[2017.05.24-00.02.44:558][  0]LogPackFactory: Content/StarterContent/Props/SM_CornerFrame.uasset (104587) -> ../../../../../../Users/g/Documents/Unreal Projects/Splody/Content/StarterContent/Props/SM_CornerFrame.uasset
[2017.05.24-00.02.44:573][  0]LogPackFactory: Content/StarterContent/Props/SM_Couch.uasset (254658) -> ../../../../../../Users/g/Documents/Unreal Projects/Splody/Content/StarterContent/Props/SM_Couch.uasset
[2017.05.24-00.02.44:589][  0]LogPackFactory: Content/StarterContent/Props/SM_Door.uasset (214917) -> ../../../../../../Users/g/Documents/Unreal Projects/Splody/Content/StarterContent/Props/SM_Door.uasset
[2017.05.24-00.02.44:604][  0]LogPackFactory: Content/StarterContent/Props/SM_DoorFrame.uasset (65546) -> ../../../../../../Users/g/Documents/Unreal Projects/Splody/Content/StarterContent/Props/SM_DoorFrame.uasset
[2017.05.24-00.02.44:618][  0]LogPackFactory: Content/StarterContent/Props/SM_GlassWindow.uasset (97538) -> ../../../../../../Users/g/Documents/Unreal Projects/Splody/Content/StarterContent/Props/SM_GlassWindow.uasset
[2017.05.24-00.02.44:632][  0]LogPackFactory: Content/StarterContent/Props/SM_Lamp_Ceiling.uasset (318571) -> ../../../../../../Users/g/Documents/Unreal Projects/Splody/Content/StarterContent/Props/SM_Lamp_Ceiling.uasset
[2017.05.24-00.02.44:647][  0]LogPackFactory: Content/StarterContent/Props/SM_Lamp_Wall.uasset (140246) -> ../../../../../../Users/g/Documents/Unreal Projects/Splody/Content/StarterContent/Props/SM_Lamp_Wall.uasset
[2017.05.24-00.02.44:662][  0]LogPackFactory: Content/StarterContent/Props/SM_MatPreviewMesh_02.uasset (2396647) -> ../../../../../../Users/g/Documents/Unreal Projects/Splody/Content/StarterContent/Props/SM_MatPreviewMesh_02.uasset
[2017.05.24-00.02.44:679][  0]LogPackFactory: Content/StarterContent/Props/SM_PillarFrame.uasset (127007) -> ../../../../../../Users/g/Documents/Unreal Projects/Splody/Content/StarterContent/Props/SM_PillarFrame.uasset
[2017.05.24-00.02.44:694][  0]LogPackFactory: Content/StarterContent/Props/SM_PillarFrame300.uasset (124350) -> ../../../../../../Users/g/Documents/Unreal Projects/Splody/Content/StarterContent/Props/SM_PillarFrame300.uasset
[2017.05.24-00.02.44:709][  0]LogPackFactory: Content/StarterContent/Props/SM_Rock.uasset (175516) -> ../../../../../../Users/g/Documents/Unreal Projects/Splody/Content/StarterContent/Props/SM_Rock.uasset
[2017.05.24-00.02.44:723][  0]LogPackFactory: Content/StarterContent/Props/SM_Shelf.uasset (108862) -> ../../../../../../Users/g/Documents/Unreal Projects/Splody/Content/StarterContent/Props/SM_Shelf.uasset
[2017.05.24-00.02.44:737][  0]LogPackFactory: Content/StarterContent/Props/SM_Stairs.uasset (66807) -> ../../../../../../Users/g/Documents/Unreal Projects/Splody/Content/StarterContent/Props/SM_Stairs.uasset
[2017.05.24-00.02.44:752][  0]LogPackFactory: Content/StarterContent/Props/SM_Statue.uasset (537153) -> ../../../../../../Users/g/Documents/Unreal Projects/Splody/Content/StarterContent/Props/SM_Statue.uasset
[2017.05.24-00.02.44:766][  0]LogPackFactory: Content/StarterContent/Props/SM_TableRound.uasset (528732) -> ../../../../../../Users/g/Documents/Unreal Projects/Splody/Content/StarterContent/Props/SM_TableRound.uasset
[2017.05.24-00.02.44:780][  0]LogPackFactory: Content/StarterContent/Props/SM_WindowFrame.uasset (68758) -> ../../../../../../Users/g/Documents/Unreal Projects/Splody/Content/StarterContent/Props/SM_WindowFrame.uasset
[2017.05.24-00.02.44:794][  0]LogPackFactory: Content/StarterContent/Shapes/Shape_Cone.uasset (94233) -> ../../../../../../Users/g/Documents/Unreal Projects/Splody/Content/StarterContent/Shapes/Shape_Cone.uasset
[2017.05.24-00.02.44:808][  0]LogPackFactory: Content/StarterContent/Shapes/Shape_Cube.uasset (45498) -> ../../../../../../Users/g/Documents/Unreal Projects/Splody/Content/StarterContent/Shapes/Shape_Cube.uasset
[2017.05.24-00.02.44:822][  0]LogPackFactory: Content/StarterContent/Shapes/Shape_Cylinder.uasset (109276) -> ../../../../../../Users/g/Documents/Unreal Projects/Splody/Content/StarterContent/Shapes/Shape_Cylinder.uasset
[2017.05.24-00.02.44:837][  0]LogPackFactory: Content/StarterContent/Shapes/Shape_NarrowCapsule.uasset (211325) -> ../../../../../../Users/g/Documents/Unreal Projects/Splody/Content/StarterContent/Shapes/Shape_NarrowCapsule.uasset
[2017.05.24-00.02.44:851][  0]LogPackFactory: Content/StarterContent/Shapes/Shape_Pipe.uasset (78407) -> ../../../../../../Users/g/Documents/Unreal Projects/Splody/Content/StarterContent/Shapes/Shape_Pipe.uasset
[2017.05.24-00.02.44:865][  0]LogPackFactory: Content/StarterContent/Shapes/Shape_Pipe_180.uasset (193692) -> ../../../../../../Users/g/Documents/Unreal Projects/Splody/Content/StarterContent/Shapes/Shape_Pipe_180.uasset
[2017.05.24-00.02.44:879][  0]LogPackFactory: Content/StarterContent/Shapes/Shape_Pipe_90.uasset (120200) -> ../../../../../../Users/g/Documents/Unreal Projects/Splody/Content/StarterContent/Shapes/Shape_Pipe_90.uasset
[2017.05.24-00.02.44:893][  0]LogPackFactory: Content/StarterContent/Shapes/Shape_Plane.uasset (43121) -> ../../../../../../Users/g/Documents/Unreal Projects/Splody/Content/StarterContent/Shapes/Shape_Plane.uasset
[2017.05.24-00.02.44:907][  0]LogPackFactory: Content/StarterContent/Shapes/Shape_QuadPyramid.uasset (43744) -> ../../../../../../Users/g/Documents/Unreal Projects/Splody/Content/StarterContent/Shapes/Shape_QuadPyramid.uasset
[2017.05.24-00.02.44:921][  0]LogPackFactory: Content/StarterContent/Shapes/Shape_Sphere.uasset (264634) -> ../../../../../../Users/g/Documents/Unreal Projects/Splody/Content/StarterContent/Shapes/Shape_Sphere.uasset
[2017.05.24-00.02.44:935][  0]LogPackFactory: Content/StarterContent/Shapes/Shape_Torus.uasset (558042) -> ../../../../../../Users/g/Documents/Unreal Projects/Splody/Content/StarterContent/Shapes/Shape_Torus.uasset
[2017.05.24-00.02.44:949][  0]LogPackFactory: Content/StarterContent/Shapes/Shape_Trim.uasset (51867) -> ../../../../../../Users/g/Documents/Unreal Projects/Splody/Content/StarterContent/Shapes/Shape_Trim.uasset
[2017.05.24-00.02.44:963][  0]LogPackFactory: Content/StarterContent/Shapes/Shape_Trim_90_In.uasset (74804) -> ../../../../../../Users/g/Documents/Unreal Projects/Splody/Content/StarterContent/Shapes/Shape_Trim_90_In.uasset
[2017.05.24-00.02.44:978][  0]LogPackFactory: Content/StarterContent/Shapes/Shape_Trim_90_Out.uasset (75706) -> ../../../../../../Users/g/Documents/Unreal Projects/Splody/Content/StarterContent/Shapes/Shape_Trim_90_Out.uasset
[2017.05.24-00.02.44:992][  0]LogPackFactory: Content/StarterContent/Shapes/Shape_TriPyramid.uasset (41629) -> ../../../../../../Users/g/Documents/Unreal Projects/Splody/Content/StarterContent/Shapes/Shape_TriPyramid.uasset
[2017.05.24-00.02.45:006][  0]LogPackFactory: Content/StarterContent/Shapes/Shape_Tube.uasset (190123) -> ../../../../../../Users/g/Documents/Unreal Projects/Splody/Content/StarterContent/Shapes/Shape_Tube.uasset
[2017.05.24-00.02.45:020][  0]LogPackFactory: Content/StarterContent/Shapes/Shape_Wedge_A.uasset (45020) -> ../../../../../../Users/g/Documents/Unreal Projects/Splody/Content/StarterContent/Shapes/Shape_Wedge_A.uasset
[2017.05.24-00.02.45:035][  0]LogPackFactory: Content/StarterContent/Shapes/Shape_Wedge_B.uasset (40642) -> ../../../../../../Users/g/Documents/Unreal Projects/Splody/Content/StarterContent/Shapes/Shape_Wedge_B.uasset
[2017.05.24-00.02.45:049][  0]LogPackFactory: Content/StarterContent/Shapes/Shape_WideCapsule.uasset (150007) -> ../../../../../../Users/g/Documents/Unreal Projects/Splody/Content/StarterContent/Shapes/Shape_WideCapsule.uasset
[2017.05.24-00.02.45:063][  0]LogPackFactory: Content/StarterContent/Textures/Metal_Tile_2.uasset (446) -> ../../../../../../Users/g/Documents/Unreal Projects/Splody/Content/StarterContent/Textures/Metal_Tile_2.uasset
[2017.05.24-00.02.45:075][  0]LogPackFactory: Content/StarterContent/Textures/Metal_Tile_2_N.uasset (450) -> ../../../../../../Users/g/Documents/Unreal Projects/Splody/Content/StarterContent/Textures/Metal_Tile_2_N.uasset
[2017.05.24-00.02.45:087][  0]LogPackFactory: Content/StarterContent/Textures/Sky54a2048.uasset (446) -> ../../../../../../Users/g/Documents/Unreal Projects/Splody/Content/StarterContent/Textures/Sky54a2048.uasset
[2017.05.24-00.02.45:106][  0]LogPackFactory: Content/StarterContent/Textures/Sky54a2048LDR.uasset (449) -> ../../../../../../Users/g/Documents/Unreal Projects/Splody/Content/StarterContent/Textures/Sky54a2048LDR.uasset
[2017.05.24-00.02.45:118][  0]LogPackFactory: Content/StarterContent/Textures/T_ArmorMetal01.uasset (450) -> ../../../../../../Users/g/Documents/Unreal Projects/Splody/Content/StarterContent/Textures/T_ArmorMetal01.uasset
[2017.05.24-00.02.45:130][  0]LogPackFactory: Content/StarterContent/Textures/T_ArmorMetal01_N.uasset (452) -> ../../../../../../Users/g/Documents/Unreal Projects/Splody/Content/StarterContent/Textures/T_ArmorMetal01_N.uasset
[2017.05.24-00.02.45:142][  0]LogPackFactory: Content/StarterContent/Textures/T_Bark02_D.uasset (446) -> ../../../../../../Users/g/Documents/Unreal Projects/Splody/Content/StarterContent/Textures/T_Bark02_D.uasset
[2017.05.24-00.02.45:154][  0]LogPackFactory: Content/StarterContent/Textures/T_Bark02_N.uasset (446) -> ../../../../../../Users/g/Documents/Unreal Projects/Splody/Content/StarterContent/Textures/T_Bark02_N.uasset
[2017.05.24-00.02.45:166][  0]LogPackFactory: Content/StarterContent/Textures/T_Base_Metal_Gray_D.uasset (455) -> ../../../../../../Users/g/Documents/Unreal Projects/Splody/Content/StarterContent/Textures/T_Base_Metal_Gray_D.uasset
[2017.05.24-00.02.45:179][  0]LogPackFactory: Content/StarterContent/Textures/T_Base_Metal_Gray_N.uasset (455) -> ../../../../../../Users/g/Documents/Unreal Projects/Splody/Content/StarterContent/Textures/T_Base_Metal_Gray_N.uasset
[2017.05.24-00.02.45:190][  0]LogPackFactory: Content/StarterContent/Textures/T_Brick_Clay_Beveled_D.uasset (7649619) -> ../../../../../../Users/g/Documents/Unreal Projects/Splody/Content/StarterContent/Textures/T_Brick_Clay_Beveled_D.uasset
[2017.05.24-00.02.45:216][  0]LogPackFactory: Content/StarterContent/Textures/T_Brick_Clay_Beveled_M.uasset (8326301) -> ../../../../../../Users/g/Documents/Unreal Projects/Splody/Content/StarterContent/Textures/T_Brick_Clay_Beveled_M.uasset
[2017.05.24-00.02.45:243][  0]LogPackFactory: Content/StarterContent/Textures/T_Brick_Clay_Beveled_N.uasset (7553391) -> ../../../../../../Users/g/Documents/Unreal Projects/Splody/Content/StarterContent/Textures/T_Brick_Clay_Beveled_N.uasset
[2017.05.24-00.02.45:268][  0]LogPackFactory: Content/StarterContent/Textures/T_Brick_Clay_New_D.uasset (6035708) -> ../../../../../../Users/g/Documents/Unreal Projects/Splody/Content/StarterContent/Textures/T_Brick_Clay_New_D.uasset
[2017.05.24-00.02.45:291][  0]LogPackFactory: Content/StarterContent/Textures/T_Brick_Clay_New_M.uasset (9201530) -> ../../../../../../Users/g/Documents/Unreal Projects/Splody/Content/StarterContent/Textures/T_Brick_Clay_New_M.uasset
[2017.05.24-00.02.45:318][  0]LogPackFactory: Content/StarterContent/Textures/T_Brick_Clay_New_N.uasset (7865847) -> ../../../../../../Users/g/Documents/Unreal Projects/Splody/Content/StarterContent/Textures/T_Brick_Clay_New_N.uasset
[2017.05.24-00.02.45:344][  0]LogPackFactory: Content/StarterContent/Textures/T_Brick_Clay_Old_D.uasset (11424774) -> ../../../../../../Users/g/Documents/Unreal Projects/Splody/Content/StarterContent/Textures/T_Brick_Clay_Old_D.uasset
[2017.05.24-00.02.45:376][  0]LogPackFactory: Content/StarterContent/Textures/T_Brick_Clay_Old_N.uasset (7794699) -> ../../../../../../Users/g/Documents/Unreal Projects/Splody/Content/StarterContent/Textures/T_Brick_Clay_Old_N.uasset
[2017.05.24-00.02.45:402][  0]LogPackFactory: Content/StarterContent/Textures/T_Brick_Cut_Stone_D.uasset (13386492) -> ../../../../../../Users/g/Documents/Unreal Projects/Splody/Content/StarterContent/Textures/T_Brick_Cut_Stone_D.uasset
[2017.05.24-00.02.45:436][  0]LogPackFactory: Content/StarterContent/Textures/T_Brick_Cut_Stone_N.uasset (6679434) -> ../../../../../../Users/g/Documents/Unreal Projects/Splody/Content/StarterContent/Textures/T_Brick_Cut_Stone_N.uasset
[2017.05.24-00.02.45:459][  0]LogPackFactory: Content/StarterContent/Textures/T_Brick_Hewn_Stone_D.uasset (7446677) -> ../../../../../../Users/g/Documents/Unreal Projects/Splody/Content/StarterContent/Textures/T_Brick_Hewn_Stone_D.uasset
[2017.05.24-00.02.45:486][  0]LogPackFactory: Content/StarterContent/Textures/T_Brick_Hewn_Stone_M.uasset (6802269) -> ../../../../../../Users/g/Documents/Unreal Projects/Splody/Content/StarterContent/Textures/T_Brick_Hewn_Stone_M.uasset
[2017.05.24-00.02.45:510][  0]LogPackFactory: Content/StarterContent/Textures/T_Brick_Hewn_Stone_N.uasset (8992435) -> ../../../../../../Users/g/Documents/Unreal Projects/Splody/Content/StarterContent/Textures/T_Brick_Hewn_Stone_N.uasset
[2017.05.24-00.02.45:539][  0]LogPackFactory: Content/StarterContent/Textures/T_Burst_M.uasset (150025) -> ../../../../../../Users/g/Documents/Unreal Projects/Splody/Content/StarterContent/Textures/T_Burst_M.uasset
[2017.05.24-00.02.45:553][  0]LogPackFactory: Content/StarterContent/Textures/T_Bush_D.uasset (552540) -> ../../../../../../Users/g/Documents/Unreal Projects/Splody/Content/StarterContent/Textures/T_Bush_D.uasset
[2017.05.24-00.02.45:568][  0]LogPackFactory: Content/StarterContent/Textures/T_Bush_N.uasset (396574) -> ../../../../../../Users/g/Documents/Unreal Projects/Splody/Content/StarterContent/Textures/T_Bush_N.uasset
[2017.05.24-00.02.45:583][  0]LogPackFactory: Content/StarterContent/Textures/T_Ceramic_Tile_M.uasset (277243) -> ../../../../../../Users/g/Documents/Unreal Projects/Splody/Content/StarterContent/Textures/T_Ceramic_Tile_M.uasset
[2017.05.24-00.02.45:599][  0]LogPackFactory: Content/StarterContent/Textures/T_Ceramic_Tile_N.uasset (228293) -> ../../../../../../Users/g/Documents/Unreal Projects/Splody/Content/StarterContent/Textures/T_Ceramic_Tile_N.uasset
[2017.05.24-00.02.45:615][  0]LogPackFactory: Content/StarterContent/Textures/T_Chair_M.uasset (576769) -> ../../../../../../Users/g/Documents/Unreal Projects/Splody/Content/StarterContent/Textures/T_Chair_M.uasset
[2017.05.24-00.02.45:631][  0]LogPackFactory: Content/StarterContent/Textures/T_Chair_N.uasset (1937145) -> ../../../../../../Users/g/Documents/Unreal Projects/Splody/Content/StarterContent/Textures/T_Chair_N.uasset
[2017.05.24-00.02.45:647][  0]LogPackFactory: Content/StarterContent/Textures/T_Checker_Noise_M.uasset (158406) -> ../../../../../../Users/g/Documents/Unreal Projects/Splody/Content/StarterContent/Textures/T_Checker_Noise_M.uasset
[2017.05.24-00.02.45:663][  0]LogPackFactory: Content/StarterContent/Textures/T_Cliff_M.uasset (432) -> ../../../../../../Users/g/Documents/Unreal Projects/Splody/Content/StarterContent/Textures/T_Cliff_M.uasset
[2017.05.24-00.02.45:675][  0]LogPackFactory: Content/StarterContent/Textures/T_Cliff_N.uasset (432) -> ../../../../../../Users/g/Documents/Unreal Projects/Splody/Content/StarterContent/Textures/T_Cliff_N.uasset
[2017.05.24-00.02.45:689][  0]LogPackFactory: Content/StarterContent/Textures/T_Cobble_01_H.uasset (449) -> ../../../../../../Users/g/Documents/Unreal Projects/Splody/Content/StarterContent/Textures/T_Cobble_01_H.uasset
[2017.05.24-00.02.45:702][  0]LogPackFactory: Content/StarterContent/Textures/T_CobbleDark_01_D.uasset (453) -> ../../../../../../Users/g/Documents/Unreal Projects/Splody/Content/StarterContent/Textures/T_CobbleDark_01_D.uasset
[2017.05.24-00.02.45:715][  0]LogPackFactory: Content/StarterContent/Textures/T_CobbleStone_04_D.uasset (454) -> ../../../../../../Users/g/Documents/Unreal Projects/Splody/Content/StarterContent/Textures/T_CobbleStone_04_D.uasset
[2017.05.24-00.02.45:727][  0]LogPackFactory: Content/StarterContent/Textures/T_CobbleStone_04_N.uasset (454) -> ../../../../../../Users/g/Documents/Unreal Projects/Splody/Content/StarterContent/Textures/T_CobbleStone_04_N.uasset
[2017.05.24-00.02.45:739][  0]LogPackFactory: Content/StarterContent/Textures/T_CobbleStone_04_R.uasset (454) -> ../../../../../../Users/g/Documents/Unreal Projects/Splody/Content/StarterContent/Textures/T_CobbleStone_04_R.uasset
[2017.05.24-00.02.45:752][  0]LogPackFactory: Content/StarterContent/Textures/T_CobbleStone_04b_D.uasset (455) -> ../../../../../../Users/g/Documents/Unreal Projects/Splody/Content/StarterContent/Textures/T_CobbleStone_04b_D.uasset
[2017.05.24-00.02.45:764][  0]LogPackFactory: Content/StarterContent/Textures/T_CobbleStone_Pebble_D.uasset (11812314) -> ../../../../../../Users/g/Documents/Unreal Projects/Splody/Content/StarterContent/Textures/T_CobbleStone_Pebble_D.uasset
[2017.05.24-00.02.45:794][  0]LogPackFactory: Content/StarterContent/Textures/T_CobbleStone_Pebble_M.uasset (1313598) -> ../../../../../../Users/g/Documents/Unreal Projects/Splody/Content/StarterContent/Textures/T_CobbleStone_Pebble_M.uasset
[2017.05.24-00.02.45:810][  0]LogPackFactory: Content/StarterContent/Textures/T_CobbleStone_Pebble_N.uasset (11858728) -> ../../../../../../Users/g/Documents/Unreal Projects/Splody/Content/StarterContent/Textures/T_CobbleStone_Pebble_N.uasset
[2017.05.24-00.02.45:840][  0]LogPackFactory: Content/StarterContent/Textures/T_CobbleStone_Rough_D.uasset (2936250) -> ../../../../../../Users/g/Documents/Unreal Projects/Splody/Content/StarterContent/Textures/T_CobbleStone_Rough_D.uasset
[2017.05.24-00.02.45:858][  0]LogPackFactory: Content/StarterContent/Textures/T_CobbleStone_Rough_N.uasset (2700400) -> ../../../../../../Users/g/Documents/Unreal Projects/Splody/Content/StarterContent/Textures/T_CobbleStone_Rough_N.uasset
[2017.05.24-00.02.45:876][  0]LogPackFactory: Content/StarterContent/Textures/T_CobbleStone_Smooth_D.uasset (6603341) -> ../../../../../../Users/g/Documents/Unreal Projects/Splody/Content/StarterContent/Textures/T_CobbleStone_Smooth_D.uasset
[2017.05.24-00.02.45:899][  0]LogPackFactory: Content/StarterContent/Textures/T_CobbleStone_Smooth_M.uasset (5739577) -> ../../../../../../Users/g/Documents/Unreal Projects/Splody/Content/StarterContent/Textures/T_CobbleStone_Smooth_M.uasset
[2017.05.24-00.02.45:920][  0]LogPackFactory: Content/StarterContent/Textures/T_CobbleStone_Smooth_N.uasset (8846507) -> ../../../../../../Users/g/Documents/Unreal Projects/Splody/Content/StarterContent/Textures/T_CobbleStone_Smooth_N.uasset
[2017.05.24-00.02.45:945][  0]LogPackFactory: Content/StarterContent/Textures/T_Concrete01_D.uasset (450) -> ../../../../../../Users/g/Documents/Unreal Projects/Splody/Content/StarterContent/Textures/T_Concrete01_D.uasset
[2017.05.24-00.02.45:958][  0]LogPackFactory: Content/StarterContent/Textures/T_Concrete01_N.uasset (450) -> ../../../../../../Users/g/Documents/Unreal Projects/Splody/Content/StarterContent/Textures/T_Concrete01_N.uasset
[2017.05.24-00.02.45:970][  0]LogPackFactory: Content/StarterContent/Textures/T_Concrete_01_D.uasset (451) -> ../../../../../../Users/g/Documents/Unreal Projects/Splody/Content/StarterContent/Textures/T_Concrete_01_D.uasset
[2017.05.24-00.02.45:982][  0]LogPackFactory: Content/StarterContent/Textures/T_Concrete_01_N.uasset (451) -> ../../../../../../Users/g/Documents/Unreal Projects/Splody/Content/StarterContent/Textures/T_Concrete_01_N.uasset
[2017.05.24-00.02.45:995][  0]LogPackFactory: Content/StarterContent/Textures/T_Concrete_D.uasset (448) -> ../../../../../../Users/g/Documents/Unreal Projects/Splody/Content/StarterContent/Textures/T_Concrete_D.uasset
[2017.05.24-00.02.46:006][  0]LogPackFactory: Content/StarterContent/Textures/T_Concrete_Floor01.uasset (454) -> ../../../../../../Users/g/Documents/Unreal Projects/Splody/Content/StarterContent/Textures/T_Concrete_Floor01.uasset
[2017.05.24-00.02.46:019][  0]LogPackFactory: Content/StarterContent/Textures/T_Concrete_Floor01_N.uasset (456) -> ../../../../../../Users/g/Documents/Unreal Projects/Splody/Content/StarterContent/Textures/T_Concrete_Floor01_N.uasset
[2017.05.24-00.02.46:031][  0]LogPackFactory: Content/StarterContent/Textures/T_Concrete_Grime_D.uasset (10691506) -> ../../../../../../Users/g/Documents/Unreal Projects/Splody/Content/StarterContent/Textures/T_Concrete_Grime_D.uasset
[2017.05.24-00.02.46:058][  0]LogPackFactory: Content/StarterContent/Textures/T_Concrete_N.uasset (448) -> ../../../../../../Users/g/Documents/Unreal Projects/Splody/Content/StarterContent/Textures/T_Concrete_N.uasset
[2017.05.24-00.02.46:070][  0]LogPackFactory: Content/StarterContent/Textures/T_Concrete_Panels_D.uasset (8513286) -> ../../../../../../Users/g/Documents/Unreal Projects/Splody/Content/StarterContent/Textures/T_Concrete_Panels_D.uasset
[2017.05.24-00.02.46:094][  0]LogPackFactory: Content/StarterContent/Textures/T_Concrete_Panels_N.uasset (6558914) -> ../../../../../../Users/g/Documents/Unreal Projects/Splody/Content/StarterContent/Textures/T_Concrete_Panels_N.uasset
[2017.05.24-00.02.46:116][  0]LogPackFactory: Content/StarterContent/Textures/T_Concrete_Poured_D.uasset (11600993) -> ../../../../../../Users/g/Documents/Unreal Projects/Splody/Content/StarterContent/Textures/T_Concrete_Poured_D.uasset
[2017.05.24-00.02.46:144][  0]LogPackFactory: Content/StarterContent/Textures/T_Concrete_Poured_N.uasset (7452814) -> ../../../../../../Users/g/Documents/Unreal Projects/Splody/Content/StarterContent/Textures/T_Concrete_Poured_N.uasset
[2017.05.24-00.02.46:167][  0]LogPackFactory: Content/StarterContent/Textures/T_Concrete_Tiles_D.uasset (4956380) -> ../../../../../../Users/g/Documents/Unreal Projects/Splody/Content/StarterContent/Textures/T_Concrete_Tiles_D.uasset
[2017.05.24-00.02.46:188][  0]LogPackFactory: Content/StarterContent/Textures/T_Concrete_Tiles_M.uasset (5759659) -> ../../../../../../Users/g/Documents/Unreal Projects/Splody/Content/StarterContent/Textures/T_Concrete_Tiles_M.uasset
[2017.05.24-00.02.46:209][  0]LogPackFactory: Content/StarterContent/Textures/T_Concrete_Tiles_N.uasset (6611650) -> ../../../../../../Users/g/Documents/Unreal Projects/Splody/Content/StarterContent/Textures/T_Concrete_Tiles_N.uasset
[2017.05.24-00.02.46:230][  0]LogPackFactory: Content/StarterContent/Textures/T_Concrete_Tiles_Variation_M.uasset (4809) -> ../../../../../../Users/g/Documents/Unreal Projects/Splody/Content/StarterContent/Textures/T_Concrete_Tiles_Variation_M.uasset
[2017.05.24-00.02.46:244][  0]LogPackFactory: Content/StarterContent/Textures/T_Concrete_Wall07.uasset (453) -> ../../../../../../Users/g/Documents/Unreal Projects/Splody/Content/StarterContent/Textures/T_Concrete_Wall07.uasset
[2017.05.24-00.02.46:256][  0]LogPackFactory: Content/StarterContent/Textures/T_Concrete_Wall07_N.uasset (455) -> ../../../../../../Users/g/Documents/Unreal Projects/Splody/Content/StarterContent/Textures/T_Concrete_Wall07_N.uasset
[2017.05.24-00.02.46:268][  0]LogPackFactory: Content/StarterContent/Textures/T_Concrete_Wall_D.uasset (453) -> ../../../../../../Users/g/Documents/Unreal Projects/Splody/Content/StarterContent/Textures/T_Concrete_Wall_D.uasset
[2017.05.24-00.02.46:280][  0]LogPackFactory: Content/StarterContent/Textures/T_Concrete_Wall_N.uasset (453) -> ../../../../../../Users/g/Documents/Unreal Projects/Splody/Content/StarterContent/Textures/T_Concrete_Wall_N.uasset
[2017.05.24-00.02.46:292][  0]LogPackFactory: Content/StarterContent/Textures/T_DesertCrystal01_N.uasset (455) -> ../../../../../../Users/g/Documents/Unreal Projects/Splody/Content/StarterContent/Textures/T_DesertCrystal01_N.uasset
[2017.05.24-00.02.46:304][  0]LogPackFactory: Content/StarterContent/Textures/T_Detail_Rocky_N.uasset (2850093) -> ../../../../../../Users/g/Documents/Unreal Projects/Splody/Content/StarterContent/Textures/T_Detail_Rocky_N.uasset
[2017.05.24-00.02.46:323][  0]LogPackFactory: Content/StarterContent/Textures/T_Dirt_D.uasset (444) -> ../../../../../../Users/g/Documents/Unreal Projects/Splody/Content/StarterContent/Textures/T_Dirt_D.uasset
[2017.05.24-00.02.46:335][  0]LogPackFactory: Content/StarterContent/Textures/T_Dirt_N.uasset (444) -> ../../../../../../Users/g/Documents/Unreal Projects/Splody/Content/StarterContent/Textures/T_Dirt_N.uasset
[2017.05.24-00.02.46:347][  0]LogPackFactory: Content/StarterContent/Textures/T_Door_M.uasset (554190) -> ../../../../../../Users/g/Documents/Unreal Projects/Splody/Content/StarterContent/Textures/T_Door_M.uasset
[2017.05.24-00.02.46:361][  0]LogPackFactory: Content/StarterContent/Textures/T_Door_N.uasset (1074859) -> ../../../../../../Users/g/Documents/Unreal Projects/Splody/Content/StarterContent/Textures/T_Door_N.uasset
[2017.05.24-00.02.46:376][  0]LogPackFactory: Content/StarterContent/Textures/T_Dust_Particle_D.uasset (32071) -> ../../../../../../Users/g/Documents/Unreal Projects/Splody/Content/StarterContent/Textures/T_Dust_Particle_D.uasset
[2017.05.24-00.02.46:391][  0]LogPackFactory: Content/StarterContent/Textures/T_Explosion_SubUV.uasset (3004336) -> ../../../../../../Users/g/Documents/Unreal Projects/Splody/Content/StarterContent/Textures/T_Explosion_SubUV.uasset
[2017.05.24-00.02.46:408][  0]LogPackFactory: Content/StarterContent/Textures/T_Fire_SubUV.uasset (525012) -> ../../../../../../Users/g/Documents/Unreal Projects/Splody/Content/StarterContent/Textures/T_Fire_SubUV.uasset
[2017.05.24-00.02.46:423][  0]LogPackFactory: Content/StarterContent/Textures/T_Fire_Tiled_D.uasset (553370) -> ../../../../../../Users/g/Documents/Unreal Projects/Splody/Content/StarterContent/Textures/T_Fire_Tiled_D.uasset
[2017.05.24-00.02.46:439][  0]LogPackFactory: Content/StarterContent/Textures/T_Frame_M.uasset (536068) -> ../../../../../../Users/g/Documents/Unreal Projects/Splody/Content/StarterContent/Textures/T_Frame_M.uasset
[2017.05.24-00.02.46:453][  0]LogPackFactory: Content/StarterContent/Textures/T_Frame_N.uasset (1249187) -> ../../../../../../Users/g/Documents/Unreal Projects/Splody/Content/StarterContent/Textures/T_Frame_N.uasset
[2017.05.24-00.02.46:470][  0]LogPackFactory: Content/StarterContent/Textures/T_Generic_Concrete_Base02.uasset (461) -> ../../../../../../Users/g/Documents/Unreal Projects/Splody/Content/StarterContent/Textures/T_Generic_Concrete_Base02.uasset
[2017.05.24-00.02.46:483][  0]LogPackFactory: Content/StarterContent/Textures/T_Generic_Concrete_Base02_N.uasset (463) -> ../../../../../../Users/g/Documents/Unreal Projects/Splody/Content/StarterContent/Textures/T_Generic_Concrete_Base02_N.uasset
[2017.05.24-00.02.46:497][  0]LogPackFactory: Content/StarterContent/Textures/T_Generic_Concrete_Base04_D.uasset (463) -> ../../../../../../Users/g/Documents/Unreal Projects/Splody/Content/StarterContent/Textures/T_Generic_Concrete_Base04_D.uasset
[2017.05.24-00.02.46:510][  0]LogPackFactory: Content/StarterContent/Textures/T_Generic_Concrete_Base04_N.uasset (463) -> ../../../../../../Users/g/Documents/Unreal Projects/Splody/Content/StarterContent/Textures/T_Generic_Concrete_Base04_N.uasset
[2017.05.24-00.02.46:523][  0]LogPackFactory: Content/StarterContent/Textures/T_Generic_Concrete_Base_06.uasset (462) -> ../../../../../../Users/g/Documents/Unreal Projects/Splody/Content/StarterContent/Textures/T_Generic_Concrete_Base_06.uasset
[2017.05.24-00.02.46:536][  0]LogPackFactory: Content/StarterContent/Textures/T_Generic_Concrete_Base_06_N.uasset (464) -> ../../../../../../Users/g/Documents/Unreal Projects/Splody/Content/StarterContent/Textures/T_Generic_Concrete_Base_06_N.uasset
[2017.05.24-00.02.46:550][  0]LogPackFactory: Content/StarterContent/Textures/T_Generic_Concrete_Base_07.uasset (462) -> ../../../../../../Users/g/Documents/Unreal Projects/Splody/Content/StarterContent/Textures/T_Generic_Concrete_Base_07.uasset
[2017.05.24-00.02.46:563][  0]LogPackFactory: Content/StarterContent/Textures/T_Generic_Concrete_Base_07_N.uasset (464) -> ../../../../../../Users/g/Documents/Unreal Projects/Splody/Content/StarterContent/Textures/T_Generic_Concrete_Base_07_N.uasset
[2017.05.24-00.02.46:575][  0]LogPackFactory: Content/StarterContent/Textures/T_Gradinet_01.uasset (5447) -> ../../../../../../Users/g/Documents/Unreal Projects/Splody/Content/StarterContent/Textures/T_Gradinet_01.uasset
[2017.05.24-00.02.46:589][  0]LogPackFactory: Content/StarterContent/Textures/T_Gravel_D.uasset (425) -> ../../../../../../Users/g/Documents/Unreal Projects/Splody/Content/StarterContent/Textures/T_Gravel_D.uasset
[2017.05.24-00.02.46:601][  0]LogPackFactory: Content/StarterContent/Textures/T_Gravel_N.uasset (425) -> ../../../../../../Users/g/Documents/Unreal Projects/Splody/Content/StarterContent/Textures/T_Gravel_N.uasset
[2017.05.24-00.02.46:614][  0]LogPackFactory: Content/StarterContent/Textures/T_Ground_01_D.uasset (449) -> ../../../../../../Users/g/Documents/Unreal Projects/Splody/Content/StarterContent/Textures/T_Ground_01_D.uasset
[2017.05.24-00.02.46:626][  0]LogPackFactory: Content/StarterContent/Textures/T_Ground_01_N.uasset (449) -> ../../../../../../Users/g/Documents/Unreal Projects/Splody/Content/StarterContent/Textures/T_Ground_01_N.uasset
[2017.05.24-00.02.46:639][  0]LogPackFactory: Content/StarterContent/Textures/T_Ground_02_D.uasset (449) -> ../../../../../../Users/g/Documents/Unreal Projects/Splody/Content/StarterContent/Textures/T_Ground_02_D.uasset
[2017.05.24-00.02.46:653][  0]LogPackFactory: Content/StarterContent/Textures/T_Ground_02_N.uasset (449) -> ../../../../../../Users/g/Documents/Unreal Projects/Splody/Content/StarterContent/Textures/T_Ground_02_N.uasset
[2017.05.24-00.02.46:665][  0]LogPackFactory: Content/StarterContent/Textures/T_Ground_Detail_N.uasset (453) -> ../../../../../../Users/g/Documents/Unreal Projects/Splody/Content/StarterContent/Textures/T_Ground_Detail_N.uasset
[2017.05.24-00.02.46:677][  0]LogPackFactory: Content/StarterContent/Textures/T_Ground_Dirt_D.uasset (451) -> ../../../../../../Users/g/Documents/Unreal Projects/Splody/Content/StarterContent/Textures/T_Ground_Dirt_D.uasset
[2017.05.24-00.02.46:689][  0]LogPackFactory: Content/StarterContent/Textures/T_Ground_Dirt_N.uasset (451) -> ../../../../../../Users/g/Documents/Unreal Projects/Splody/Content/StarterContent/Textures/T_Ground_Dirt_N.uasset
[2017.05.24-00.02.46:701][  0]LogPackFactory: Content/StarterContent/Textures/T_Ground_Grass_D.uasset (12014827) -> ../../../../../../Users/g/Documents/Unreal Projects/Splody/Content/StarterContent/Textures/T_Ground_Grass_D.uasset
[2017.05.24-00.02.46:730][  0]LogPackFactory: Content/StarterContent/Textures/T_Ground_Grass_N.uasset (11617917) -> ../../../../../../Users/g/Documents/Unreal Projects/Splody/Content/StarterContent/Textures/T_Ground_Grass_N.uasset
[2017.05.24-00.02.46:757][  0]LogPackFactory: Content/StarterContent/Textures/T_Ground_Gravel_D.uasset (10627659) -> ../../../../../../Users/g/Documents/Unreal Projects/Splody/Content/StarterContent/Textures/T_Ground_Gravel_D.uasset
[2017.05.24-00.02.46:784][  0]LogPackFactory: Content/StarterContent/Textures/T_Ground_Gravel_N.uasset (7408581) -> ../../../../../../Users/g/Documents/Unreal Projects/Splody/Content/StarterContent/Textures/T_Ground_Gravel_N.uasset
[2017.05.24-00.02.46:806][  0]LogPackFactory: Content/StarterContent/Textures/T_ground_Moss_D.uasset (13034653) -> ../../../../../../Users/g/Documents/Unreal Projects/Splody/Content/StarterContent/Textures/T_ground_Moss_D.uasset
[2017.05.24-00.02.46:836][  0]LogPackFactory: Content/StarterContent/Textures/T_Ground_Moss_N.uasset (8389816) -> ../../../../../../Users/g/Documents/Unreal Projects/Splody/Content/StarterContent/Textures/T_Ground_Moss_N.uasset
[2017.05.24-00.02.46:861][  0]LogPackFactory: Content/StarterContent/Textures/T_Ground_Noise_N.uasset (431) -> ../../../../../../Users/g/Documents/Unreal Projects/Splody/Content/StarterContent/Textures/T_Ground_Noise_N.uasset
[2017.05.24-00.02.46:873][  0]LogPackFactory: Content/StarterContent/Textures/T_Lamp_M.uasset (781809) -> ../../../../../../Users/g/Documents/Unreal Projects/Splody/Content/StarterContent/Textures/T_Lamp_M.uasset
[2017.05.24-00.02.46:887][  0]LogPackFactory: Content/StarterContent/Textures/T_Lamp_N.uasset (2076923) -> ../../../../../../Users/g/Documents/Unreal Projects/Splody/Content/StarterContent/Textures/T_Lamp_N.uasset
[2017.05.24-00.02.46:903][  0]LogPackFactory: Content/StarterContent/Textures/T_MacroVariation.uasset (10882792) -> ../../../../../../Users/g/Documents/Unreal Projects/Splody/Content/StarterContent/Textures/T_MacroVariation.uasset
[2017.05.24-00.02.46:930][  0]LogPackFactory: Content/StarterContent/Textures/T_Metal_Aluminum_D.uasset (9680629) -> ../../../../../../Users/g/Documents/Unreal Projects/Splody/Content/StarterContent/Textures/T_Metal_Aluminum_D.uasset
[2017.05.24-00.02.46:955][  0]LogPackFactory: Content/StarterContent/Textures/T_Metal_Copper_D.uasset (8854788) -> ../../../../../../Users/g/Documents/Unreal Projects/Splody/Content/StarterContent/Textures/T_Metal_Copper_D.uasset
[2017.05.24-00.02.46:981][  0]LogPackFactory: Content/StarterContent/Textures/T_Metal_Dark_Gun_metal_E.uasset (460) -> ../../../../../../Users/g/Documents/Unreal Projects/Splody/Content/StarterContent/Textures/T_Metal_Dark_Gun_metal_E.uasset
[2017.05.24-00.02.46:993][  0]LogPackFactory: Content/StarterContent/Textures/T_Metal_Dark_Gun_metal_N.uasset (460) -> ../../../../../../Users/g/Documents/Unreal Projects/Splody/Content/StarterContent/Textures/T_Metal_Dark_Gun_metal_N.uasset
[2017.05.24-00.02.47:005][  0]LogPackFactory: Content/StarterContent/Textures/T_Metal_Gold_D.uasset (8838906) -> ../../../../../../Users/g/Documents/Unreal Projects/Splody/Content/StarterContent/Textures/T_Metal_Gold_D.uasset
[2017.05.24-00.02.47:030][  0]LogPackFactory: Content/StarterContent/Textures/T_Metal_Gold_N.uasset (2813572) -> ../../../../../../Users/g/Documents/Unreal Projects/Splody/Content/StarterContent/Textures/T_Metal_Gold_N.uasset
[2017.05.24-00.02.47:047][  0]LogPackFactory: Content/StarterContent/Textures/T_Metal_Metal01_D.uasset (453) -> ../../../../../../Users/g/Documents/Unreal Projects/Splody/Content/StarterContent/Textures/T_Metal_Metal01_D.uasset
[2017.05.24-00.02.47:059][  0]LogPackFactory: Content/StarterContent/Textures/T_Metal_Metal01_N.uasset (453) -> ../../../../../../Users/g/Documents/Unreal Projects/Splody/Content/StarterContent/Textures/T_Metal_Metal01_N.uasset
[2017.05.24-00.02.47:071][  0]LogPackFactory: Content/StarterContent/Textures/T_Metal_Metal03_D.uasset (453) -> ../../../../../../Users/g/Documents/Unreal Projects/Splody/Content/StarterContent/Textures/T_Metal_Metal03_D.uasset
[2017.05.24-00.02.47:084][  0]LogPackFactory: Content/StarterContent/Textures/T_Metal_Metal03_N.uasset (453) -> ../../../../../../Users/g/Documents/Unreal Projects/Splody/Content/StarterContent/Textures/T_Metal_Metal03_N.uasset
[2017.05.24-00.02.47:095][  0]LogPackFactory: Content/StarterContent/Textures/T_Metal_Painted_04_D.uasset (456) -> ../../../../../../Users/g/Documents/Unreal Projects/Splody/Content/StarterContent/Textures/T_Metal_Painted_04_D.uasset
[2017.05.24-00.02.47:107][  0]LogPackFactory: Content/StarterContent/Textures/T_Metal_Painted_04_N.uasset (456) -> ../../../../../../Users/g/Documents/Unreal Projects/Splody/Content/StarterContent/Textures/T_Metal_Painted_04_N.uasset
[2017.05.24-00.02.47:119][  0]LogPackFactory: Content/StarterContent/Textures/T_Metal_Rust_01_D.uasset (453) -> ../../../../../../Users/g/Documents/Unreal Projects/Splody/Content/StarterContent/Textures/T_Metal_Rust_01_D.uasset
[2017.05.24-00.02.47:132][  0]LogPackFactory: Content/StarterContent/Textures/T_Metal_Rust_01_N.uasset (453) -> ../../../../../../Users/g/Documents/Unreal Projects/Splody/Content/StarterContent/Textures/T_Metal_Rust_01_N.uasset
[2017.05.24-00.02.47:144][  0]LogPackFactory: Content/StarterContent/Textures/T_Metal_Rust_D.uasset (9329320) -> ../../../../../../Users/g/Documents/Unreal Projects/Splody/Content/StarterContent/Textures/T_Metal_Rust_D.uasset
[2017.05.24-00.02.47:170][  0]LogPackFactory: Content/StarterContent/Textures/T_Metal_Rust_N.uasset (7504761) -> ../../../../../../Users/g/Documents/Unreal Projects/Splody/Content/StarterContent/Textures/T_Metal_Rust_N.uasset
[2017.05.24-00.02.47:194][  0]LogPackFactory: Content/StarterContent/Textures/T_Metal_Scuffed_D.uasset (453) -> ../../../../../../Users/g/Documents/Unreal Projects/Splody/Content/StarterContent/Textures/T_Metal_Scuffed_D.uasset
[2017.05.24-00.02.47:206][  0]LogPackFactory: Content/StarterContent/Textures/T_Metal_Scuffed_N.uasset (453) -> ../../../../../../Users/g/Documents/Unreal Projects/Splody/Content/StarterContent/Textures/T_Metal_Scuffed_N.uasset
[2017.05.24-00.02.47:218][  0]LogPackFactory: Content/StarterContent/Textures/T_Metal_Steel_D.uasset (3581726) -> ../../../../../../Users/g/Documents/Unreal Projects/Splody/Content/StarterContent/Textures/T_Metal_Steel_D.uasset
[2017.05.24-00.02.47:237][  0]LogPackFactory: Content/StarterContent/Textures/T_Metal_Steel_N.uasset (4922590) -> ../../../../../../Users/g/Documents/Unreal Projects/Splody/Content/StarterContent/Textures/T_Metal_Steel_N.uasset
[2017.05.24-00.02.47:257][  0]LogPackFactory: Content/StarterContent/Textures/T_Paint_Metal_Rust_D.uasset (456) -> ../../../../../../Users/g/Documents/Unreal Projects/Splody/Content/StarterContent/Textures/T_Paint_Metal_Rust_D.uasset
[2017.05.24-00.02.47:269][  0]LogPackFactory: Content/StarterContent/Textures/T_Paint_Metal_Rust_N.uasset (456) -> ../../../../../../Users/g/Documents/Unreal Projects/Splody/Content/StarterContent/Textures/T_Paint_Metal_Rust_N.uasset
[2017.05.24-00.02.47:281][  0]LogPackFactory: Content/StarterContent/Textures/T_PaintedMetal01.uasset (452) -> ../../../../../../Users/g/Documents/Unreal Projects/Splody/Content/StarterContent/Textures/T_PaintedMetal01.uasset
[2017.05.24-00.02.47:293][  0]LogPackFactory: Content/StarterContent/Textures/T_PaintedMetal01_N.uasset (454) -> ../../../../../../Users/g/Documents/Unreal Projects/Splody/Content/StarterContent/Textures/T_PaintedMetal01_N.uasset
[2017.05.24-00.02.47:305][  0]LogPackFactory: Content/StarterContent/Textures/T_PatchyGrass_D.uasset (451) -> ../../../../../../Users/g/Documents/Unreal Projects/Splody/Content/StarterContent/Textures/T_PatchyGrass_D.uasset
[2017.05.24-00.02.47:317][  0]LogPackFactory: Content/StarterContent/Textures/T_PatchyGrass_N.uasset (451) -> ../../../../../../Users/g/Documents/Unreal Projects/Splody/Content/StarterContent/Textures/T_PatchyGrass_N.uasset
[2017.05.24-00.02.47:329][  0]LogPackFactory: Content/StarterContent/Textures/T_Perlin_Noise_M.uasset (7869402) -> ../../../../../../Users/g/Documents/Unreal Projects/Splody/Content/StarterContent/Textures/T_Perlin_Noise_M.uasset
[2017.05.24-00.02.47:352][  0]LogPackFactory: Content/StarterContent/Textures/T_Rock_01_D.uasset (447) -> ../../../../../../Users/g/Documents/Unreal Projects/Splody/Content/StarterContent/Textures/T_Rock_01_D.uasset
[2017.05.24-00.02.47:363][  0]LogPackFactory: Content/StarterContent/Textures/T_Rock_01_N.uasset (447) -> ../../../../../../Users/g/Documents/Unreal Projects/Splody/Content/StarterContent/Textures/T_Rock_01_N.uasset
[2017.05.24-00.02.47:375][  0]LogPackFactory: Content/StarterContent/Textures/T_Rock_03_D.uasset (447) -> ../../../../../../Users/g/Documents/Unreal Projects/Splody/Content/StarterContent/Textures/T_Rock_03_D.uasset
[2017.05.24-00.02.47:387][  0]LogPackFactory: Content/StarterContent/Textures/T_Rock_03_N.uasset (447) -> ../../../../../../Users/g/Documents/Unreal Projects/Splody/Content/StarterContent/Textures/T_Rock_03_N.uasset
[2017.05.24-00.02.47:399][  0]LogPackFactory: Content/StarterContent/Textures/T_Rock_05_D.uasset (447) -> ../../../../../../Users/g/Documents/Unreal Projects/Splody/Content/StarterContent/Textures/T_Rock_05_D.uasset
[2017.05.24-00.02.47:411][  0]LogPackFactory: Content/StarterContent/Textures/T_Rock_05_N.uasset (447) -> ../../../../../../Users/g/Documents/Unreal Projects/Splody/Content/StarterContent/Textures/T_Rock_05_N.uasset
[2017.05.24-00.02.47:423][  0]LogPackFactory: Content/StarterContent/Textures/T_Rock_06_D.uasset (447) -> ../../../../../../Users/g/Documents/Unreal Projects/Splody/Content/StarterContent/Textures/T_Rock_06_D.uasset
[2017.05.24-00.02.47:435][  0]LogPackFactory: Content/StarterContent/Textures/T_Rock_06_N.uasset (447) -> ../../../../../../Users/g/Documents/Unreal Projects/Splody/Content/StarterContent/Textures/T_Rock_06_N.uasset
[2017.05.24-00.02.47:450][  0]LogPackFactory: Content/StarterContent/Textures/T_Rock_07_D.uasset (447) -> ../../../../../../Users/g/Documents/Unreal Projects/Splody/Content/StarterContent/Textures/T_Rock_07_D.uasset
[2017.05.24-00.02.47:462][  0]LogPackFactory: Content/StarterContent/Textures/T_Rock_07_N.uasset (447) -> ../../../../../../Users/g/Documents/Unreal Projects/Splody/Content/StarterContent/Textures/T_Rock_07_N.uasset
[2017.05.24-00.02.47:475][  0]LogPackFactory: Content/StarterContent/Textures/T_Rock_07b_D.uasset (448) -> ../../../../../../Users/g/Documents/Unreal Projects/Splody/Content/StarterContent/Textures/T_Rock_07b_D.uasset
[2017.05.24-00.02.47:488][  0]LogPackFactory: Content/StarterContent/Textures/T_Rock_08_D.uasset (447) -> ../../../../../../Users/g/Documents/Unreal Projects/Splody/Content/StarterContent/Textures/T_Rock_08_D.uasset
[2017.05.24-00.02.47:500][  0]LogPackFactory: Content/StarterContent/Textures/T_Rock_08_N.uasset (447) -> ../../../../../../Users/g/Documents/Unreal Projects/Splody/Content/StarterContent/Textures/T_Rock_08_N.uasset
[2017.05.24-00.02.47:514][  0]LogPackFactory: Content/StarterContent/Textures/T_Rock_09_D.uasset (447) -> ../../../../../../Users/g/Documents/Unreal Projects/Splody/Content/StarterContent/Textures/T_Rock_09_D.uasset
[2017.05.24-00.02.47:526][  0]LogPackFactory: Content/StarterContent/Textures/T_Rock_10_D.uasset (447) -> ../../../../../../Users/g/Documents/Unreal Projects/Splody/Content/StarterContent/Textures/T_Rock_10_D.uasset
[2017.05.24-00.02.47:539][  0]LogPackFactory: Content/StarterContent/Textures/T_Rock_10_N.uasset (447) -> ../../../../../../Users/g/Documents/Unreal Projects/Splody/Content/StarterContent/Textures/T_Rock_10_N.uasset
[2017.05.24-00.02.47:552][  0]LogPackFactory: Content/StarterContent/Textures/T_Rock_11b_D.uasset (448) -> ../../../../../../Users/g/Documents/Unreal Projects/Splody/Content/StarterContent/Textures/T_Rock_11b_D.uasset
[2017.05.24-00.02.47:567][  0]LogPackFactory: Content/StarterContent/Textures/T_Rock_Basalt_D.uasset (9359943) -> ../../../../../../Users/g/Documents/Unreal Projects/Splody/Content/StarterContent/Textures/T_Rock_Basalt_D.uasset
[2017.05.24-00.02.47:593][  0]LogPackFactory: Content/StarterContent/Textures/T_Rock_Basalt_N.uasset (7847129) -> ../../../../../../Users/g/Documents/Unreal Projects/Splody/Content/StarterContent/Textures/T_Rock_Basalt_N.uasset
[2017.05.24-00.02.47:619][  0]LogPackFactory: Content/StarterContent/Textures/T_Rock_Detail_02_D.uasset (454) -> ../../../../../../Users/g/Documents/Unreal Projects/Splody/Content/StarterContent/Textures/T_Rock_Detail_02_D.uasset
[2017.05.24-00.02.47:631][  0]LogPackFactory: Content/StarterContent/Textures/T_Rock_Detail_02_N.uasset (454) -> ../../../../../../Users/g/Documents/Unreal Projects/Splody/Content/StarterContent/Textures/T_Rock_Detail_02_N.uasset
[2017.05.24-00.02.47:643][  0]LogPackFactory: Content/StarterContent/Textures/T_Rock_Detail_03_D.uasset (454) -> ../../../../../../Users/g/Documents/Unreal Projects/Splody/Content/StarterContent/Textures/T_Rock_Detail_03_D.uasset
[2017.05.24-00.02.47:655][  0]LogPackFactory: Content/StarterContent/Textures/T_Rock_Marble_Polished_D.uasset (5327483) -> ../../../../../../Users/g/Documents/Unreal Projects/Splody/Content/StarterContent/Textures/T_Rock_Marble_Polished_D.uasset
[2017.05.24-00.02.47:675][  0]LogPackFactory: Content/StarterContent/Textures/T_Rock_Sandstone_D.uasset (9234423) -> ../../../../../../Users/g/Documents/Unreal Projects/Splody/Content/StarterContent/Textures/T_Rock_Sandstone_D.uasset
[2017.05.24-00.02.47:700][  0]LogPackFactory: Content/StarterContent/Textures/T_Rock_Sandstone_N.uasset (8399811) -> ../../../../../../Users/g/Documents/Unreal Projects/Splody/Content/StarterContent/Textures/T_Rock_Sandstone_N.uasset
[2017.05.24-00.02.47:725][  0]LogPackFactory: Content/StarterContent/Textures/T_Rock_Slate_D.uasset (12333988) -> ../../../../../../Users/g/Documents/Unreal Projects/Splody/Content/StarterContent/Textures/T_Rock_Slate_D.uasset
[2017.05.24-00.02.47:754][  0]LogPackFactory: Content/StarterContent/Textures/T_Rock_Slate_N.uasset (9649859) -> ../../../../../../Users/g/Documents/Unreal Projects/Splody/Content/StarterContent/Textures/T_Rock_Slate_N.uasset
[2017.05.24-00.02.47:780][  0]LogPackFactory: Content/StarterContent/Textures/T_Rock_Smooth_Granite_D.uasset (8829490) -> ../../../../../../Users/g/Documents/Unreal Projects/Splody/Content/StarterContent/Textures/T_Rock_Smooth_Granite_D.uasset
[2017.05.24-00.02.47:805][  0]LogPackFactory: Content/StarterContent/Textures/T_RockMesh_M.uasset (2706973) -> ../../../../../../Users/g/Documents/Unreal Projects/Splody/Content/StarterContent/Textures/T_RockMesh_M.uasset
[2017.05.24-00.02.47:824][  0]LogPackFactory: Content/StarterContent/Textures/T_RockMesh_N.uasset (5375053) -> ../../../../../../Users/g/Documents/Unreal Projects/Splody/Content/StarterContent/Textures/T_RockMesh_N.uasset
[2017.05.24-00.02.47:846][  0]LogPackFactory: Content/StarterContent/Textures/T_Rocky_01_N.uasset (448) -> ../../../../../../Users/g/Documents/Unreal Projects/Splody/Content/StarterContent/Textures/T_Rocky_01_N.uasset
[2017.05.24-00.02.47:859][  0]LogPackFactory: Content/StarterContent/Textures/T_Shelf_M.uasset (651298) -> ../../../../../../Users/g/Documents/Unreal Projects/Splody/Content/StarterContent/Textures/T_Shelf_M.uasset
[2017.05.24-00.02.47:876][  0]LogPackFactory: Content/StarterContent/Textures/T_Shelf_N.uasset (1639501) -> ../../../../../../Users/g/Documents/Unreal Projects/Splody/Content/StarterContent/Textures/T_Shelf_N.uasset
[2017.05.24-00.02.47:894][  0]LogPackFactory: Content/StarterContent/Textures/T_Single_Tile_N.uasset (6402) -> ../../../../../../Users/g/Documents/Unreal Projects/Splody/Content/StarterContent/Textures/T_Single_Tile_N.uasset
[2017.05.24-00.02.47:909][  0]LogPackFactory: Content/StarterContent/Textures/T_Sky_Clouds_M.uasset (450) -> ../../../../../../Users/g/Documents/Unreal Projects/Splody/Content/StarterContent/Textures/T_Sky_Clouds_M.uasset
[2017.05.24-00.02.47:922][  0]LogPackFactory: Content/StarterContent/Textures/T_Sky_Stars.uasset (447) -> ../../../../../../Users/g/Documents/Unreal Projects/Splody/Content/StarterContent/Textures/T_Sky_Stars.uasset
[2017.05.24-00.02.47:935][  0]LogPackFactory: Content/StarterContent/Textures/T_Smoke_SubUV.uasset (2630744) -> ../../../../../../Users/g/Documents/Unreal Projects/Splody/Content/StarterContent/Textures/T_Smoke_SubUV.uasset
[2017.05.24-00.02.47:952][  0]LogPackFactory: Content/StarterContent/Textures/T_Smoke_Tiled_D.uasset (91431) -> ../../../../../../Users/g/Documents/Unreal Projects/Splody/Content/StarterContent/Textures/T_Smoke_Tiled_D.uasset
[2017.05.24-00.02.47:967][  0]LogPackFactory: Content/StarterContent/Textures/T_Spark_Core.uasset (162316) -> ../../../../../../Users/g/Documents/Unreal Projects/Splody/Content/StarterContent/Textures/T_Spark_Core.uasset
[2017.05.24-00.02.47:984][  0]LogPackFactory: Content/StarterContent/Textures/T_Statue_M.uasset (546786) -> ../../../../../../Users/g/Documents/Unreal Projects/Splody/Content/StarterContent/Textures/T_Statue_M.uasset
[2017.05.24-00.02.48:006][  0]LogPackFactory: Content/StarterContent/Textures/T_Statue_N.uasset (515360) -> ../../../../../../Users/g/Documents/Unreal Projects/Splody/Content/StarterContent/Textures/T_Statue_N.uasset
[2017.05.24-00.02.48:024][  0]LogPackFactory: Content/StarterContent/Textures/T_Stone_Brick_D.uasset (451) -> ../../../../../../Users/g/Documents/Unreal Projects/Splody/Content/StarterContent/Textures/T_Stone_Brick_D.uasset
[2017.05.24-00.02.48:036][  0]LogPackFactory: Content/StarterContent/Textures/T_Stone_Brick_N.uasset (451) -> ../../../../../../Users/g/Documents/Unreal Projects/Splody/Content/StarterContent/Textures/T_Stone_Brick_N.uasset
[2017.05.24-00.02.48:048][  0]LogPackFactory: Content/StarterContent/Textures/T_TableRound_M.uasset (870486) -> ../../../../../../Users/g/Documents/Unreal Projects/Splody/Content/StarterContent/Textures/T_TableRound_M.uasset
[2017.05.24-00.02.48:063][  0]LogPackFactory: Content/StarterContent/Textures/T_TableRound_N.uasset (1549086) -> ../../../../../../Users/g/Documents/Unreal Projects/Splody/Content/StarterContent/Textures/T_TableRound_N.uasset
[2017.05.24-00.02.48:079][  0]LogPackFactory: Content/StarterContent/Textures/T_Tech_Dot_M.uasset (107174) -> ../../../../../../Users/g/Documents/Unreal Projects/Splody/Content/StarterContent/Textures/T_Tech_Dot_M.uasset
[2017.05.24-00.02.48:093][  0]LogPackFactory: Content/StarterContent/Textures/T_Tech_Dot_N.uasset (202333) -> ../../../../../../Users/g/Documents/Unreal Projects/Splody/Content/StarterContent/Textures/T_Tech_Dot_N.uasset
[2017.05.24-00.02.48:108][  0]LogPackFactory: Content/StarterContent/Textures/T_Tech_Hex_Tile_M.uasset (793459) -> ../../../../../../Users/g/Documents/Unreal Projects/Splody/Content/StarterContent/Textures/T_Tech_Hex_Tile_M.uasset
[2017.05.24-00.02.48:126][  0]LogPackFactory: Content/StarterContent/Textures/T_Tech_Hex_Tile_N.uasset (493875) -> ../../../../../../Users/g/Documents/Unreal Projects/Splody/Content/StarterContent/Textures/T_Tech_Hex_Tile_N.uasset
[2017.05.24-00.02.48:140][  0]LogPackFactory: Content/StarterContent/Textures/T_Tech_Panel_M.uasset (979689) -> ../../../../../../Users/g/Documents/Unreal Projects/Splody/Content/StarterContent/Textures/T_Tech_Panel_M.uasset
[2017.05.24-00.02.48:157][  0]LogPackFactory: Content/StarterContent/Textures/T_Tech_Panel_N.uasset (1860674) -> ../../../../../../Users/g/Documents/Unreal Projects/Splody/Content/StarterContent/Textures/T_Tech_Panel_N.uasset
[2017.05.24-00.02.48:172][  0]LogPackFactory: Content/StarterContent/Textures/T_Underground_Base_Pipe_D.uasset (461) -> ../../../../../../Users/g/Documents/Unreal Projects/Splody/Content/StarterContent/Textures/T_Underground_Base_Pipe_D.uasset
[2017.05.24-00.02.48:186][  0]LogPackFactory: Content/StarterContent/Textures/T_Underground_Base_Pipe_N.uasset (461) -> ../../../../../../Users/g/Documents/Unreal Projects/Splody/Content/StarterContent/Textures/T_Underground_Base_Pipe_N.uasset
[2017.05.24-00.02.48:200][  0]LogPackFactory: Content/StarterContent/Textures/T_UNV_Concrete02.uasset (452) -> ../../../../../../Users/g/Documents/Unreal Projects/Splody/Content/StarterContent/Textures/T_UNV_Concrete02.uasset
[2017.05.24-00.02.48:213][  0]LogPackFactory: Content/StarterContent/Textures/T_UNV_Concrete02_N.uasset (454) -> ../../../../../../Users/g/Documents/Unreal Projects/Splody/Content/StarterContent/Textures/T_UNV_Concrete02_N.uasset
[2017.05.24-00.02.48:225][  0]LogPackFactory: Content/StarterContent/Textures/T_Water_M.uasset (1696467) -> ../../../../../../Users/g/Documents/Unreal Projects/Splody/Content/StarterContent/Textures/T_Water_M.uasset
[2017.05.24-00.02.48:241][  0]LogPackFactory: Content/StarterContent/Textures/T_Water_N.uasset (2087420) -> ../../../../../../Users/g/Documents/Unreal Projects/Splody/Content/StarterContent/Textures/T_Water_N.uasset
[2017.05.24-00.02.48:259][  0]LogPackFactory: Content/StarterContent/Textures/T_White_Painted_Metal_D.uasset (459) -> ../../../../../../Users/g/Documents/Unreal Projects/Splody/Content/StarterContent/Textures/T_White_Painted_Metal_D.uasset
[2017.05.24-00.02.48:271][  0]LogPackFactory: Content/StarterContent/Textures/T_White_Painted_Metal_N.uasset (459) -> ../../../../../../Users/g/Documents/Unreal Projects/Splody/Content/StarterContent/Textures/T_White_Painted_Metal_N.uasset
[2017.05.24-00.02.48:283][  0]LogPackFactory: Content/StarterContent/Textures/T_Wood_a_d.uasset (446) -> ../../../../../../Users/g/Documents/Unreal Projects/Splody/Content/StarterContent/Textures/T_Wood_a_d.uasset
[2017.05.24-00.02.48:295][  0]LogPackFactory: Content/StarterContent/Textures/T_Wood_A_N.uasset (446) -> ../../../../../../Users/g/Documents/Unreal Projects/Splody/Content/StarterContent/Textures/T_Wood_A_N.uasset
[2017.05.24-00.02.48:307][  0]LogPackFactory: Content/StarterContent/Textures/T_Wood_A_S.uasset (446) -> ../../../../../../Users/g/Documents/Unreal Projects/Splody/Content/StarterContent/Textures/T_Wood_A_S.uasset
[2017.05.24-00.02.48:319][  0]LogPackFactory: Content/StarterContent/Textures/T_Wood_Floor_Walnut_D.uasset (4584206) -> ../../../../../../Users/g/Documents/Unreal Projects/Splody/Content/StarterContent/Textures/T_Wood_Floor_Walnut_D.uasset
[2017.05.24-00.02.48:338][  0]LogPackFactory: Content/StarterContent/Textures/T_Wood_Floor_Walnut_M.uasset (3940729) -> ../../../../../../Users/g/Documents/Unreal Projects/Splody/Content/StarterContent/Textures/T_Wood_Floor_Walnut_M.uasset
[2017.05.24-00.02.48:357][  0]LogPackFactory: Content/StarterContent/Textures/T_Wood_Floor_Walnut_N.uasset (2858538) -> ../../../../../../Users/g/Documents/Unreal Projects/Splody/Content/StarterContent/Textures/T_Wood_Floor_Walnut_N.uasset
[2017.05.24-00.02.48:374][  0]LogPackFactory: Content/StarterContent/Textures/T_Wood_Oak_D.uasset (6707252) -> ../../../../../../Users/g/Documents/Unreal Projects/Splody/Content/StarterContent/Textures/T_Wood_Oak_D.uasset
[2017.05.24-00.02.48:397][  0]LogPackFactory: Content/StarterContent/Textures/T_Wood_Oak_N.uasset (6245295) -> ../../../../../../Users/g/Documents/Unreal Projects/Splody/Content/StarterContent/Textures/T_Wood_Oak_N.uasset
[2017.05.24-00.02.48:418][  0]LogPackFactory: Content/StarterContent/Textures/T_Wood_Pine_D.uasset (9690724) -> ../../../../../../Users/g/Documents/Unreal Projects/Splody/Content/StarterContent/Textures/T_Wood_Pine_D.uasset
[2017.05.24-00.02.48:445][  0]LogPackFactory: Content/StarterContent/Textures/T_Wood_Pine_N.uasset (3467174) -> ../../../../../../Users/g/Documents/Unreal Projects/Splody/Content/StarterContent/Textures/T_Wood_Pine_N.uasset
[2017.05.24-00.02.48:464][  0]LogPackFactory: Content/StarterContent/Textures/T_Wood_Walnut_D.uasset (6509713) -> ../../../../../../Users/g/Documents/Unreal Projects/Splody/Content/StarterContent/Textures/T_Wood_Walnut_D.uasset
[2017.05.24-00.02.48:485][  0]LogPackFactory: Content/StarterContent/Textures/T_Wood_Walnut_N.uasset (3836013) -> ../../../../../../Users/g/Documents/Unreal Projects/Splody/Content/StarterContent/Textures/T_Wood_Walnut_N.uasset
[2017.05.24-00.02.48:505][  0]LogPackFactory: Finished extracting 750 files (including 0 errors).
[2017.05.24-00.02.49:175][  0]LogRenderer:Warning: Reallocating scene render targets to support 256x256 (Frame:2).
[2017.05.24-00.02.49:793][  0]LogSavePackage: Save=417.035370ms
[2017.05.24-00.02.49:793][  0]LogSavePackage: Moving '../../../../../../Users/g/Documents/Unreal Projects/Splody/Saved/Floor_400x400A9EC8A7D4204109C7DDB12A1B7A72FB4.tmp' to '../../../../../../Users/g/Documents/Unreal Projects/Splody/Content/StarterContent/Architecture/Floor_400x400.uasset'
[2017.05.24-00.02.49:805][  0]LogFeaturePack:Warning: Inserted 1 feature packs
[2017.05.24-00.02.49:813][  0]Cmd: MAP LOAD FILE="../../../../../../Users/g/Documents/Unreal Projects/Splody/Content/2DSideScrollerBP/Maps/2DSideScrollerExampleMap.umap" TEMPLATE=0 SHOWPROGRESS=1 FEATURELEVEL=3
[2017.05.24-00.02.49:814][  0]LightingResults: New page: Lighting Build
[2017.05.24-00.02.49:844][  0]MapCheck: New page: Map Check
[2017.05.24-00.02.49:844][  0]LightingResults: New page: Lighting Build
[2017.05.24-00.02.49:860][  0]LogParticles: Destroying 0 GPU particle simulations for FXSystem 0x000002488EBBA520
[2017.05.24-00.02.52:884][  0]LogEditorServer: Finished looking for orphan Actors (0.000 secs)
[2017.05.24-00.02.52:887][  0]LogAIModule: Creating AISystem for world 2DSideScrollerExampleMap
[2017.05.24-00.02.52:889][  0]Cmd: MAP CHECKDEP
[2017.05.24-00.02.52:889][  0]MapCheck: New page: 2DSideScrollerExampleMap - May 23, 2017, 4:02:52 PM
[2017.05.24-00.02.53:243][  0]MapCheck: Info Map check complete: 0 Error(s), 0 Warning(s), took 353.57ms to complete.
[2017.05.24-00.02.53:244][  0]LogFileHelpers: Loading map '2DSideScrollerExampleMap' took 3.431
[2017.05.24-00.02.53:672][  0]LogCollectionManager: Loaded 0 collections in 0.006753 seconds
[2017.05.24-00.02.53:705][  0]LogContentBrowser: Native class hierarchy populated in 0.0330 seconds. Added 1696 classes and 261 folders.
[2017.05.24-00.02.53:804][  0]LogContentBrowser: Native class hierarchy updated for 'SceneOutliner' in 0.0060 seconds. Added 1 classes and 2 folders.
[2017.05.24-00.02.53:963][  0]LogCrashTracker: Crashtracker disabled due to settings.
[2017.05.24-00.02.53:967][  0]LogSlate:Warning: Failed to load font data from 'Veranda'
[2017.05.24-00.02.53:995][  0]LogUObjectGlobals:Warning: Failed to find object 'Class None.'
[2017.05.24-00.02.54:035][  0]LogLoad: Full Startup: 69.01 seconds (BP compile: 0.42 seconds)
[2017.05.24-00.02.54:102][  0]LogContentBrowser:Verbose: The content browser source was changed by the sources view to '/Game/2DSideScrollerBP'
[2017.05.24-00.02.56:605][  0]LogRenderer:Warning: Reallocating scene render targets to support 1208x576 (Frame:3).
[2017.05.24-00.02.57:347][ 15]LogAssetRegistry: Asset discovery search completed in 49.2771 seconds
[2017.05.24-00.03.01:034][227]LogEditorViewport: Clicking on Actor (LMB): PaperSpriteActor (Background_Sprite)
[2017.05.24-00.03.11:722][693]LogEditorViewport: Clicking on Actor (LMB): 2DSideScrollerCharacter_C (2DSideScrollerCharacter)
[2017.05.24-00.03.11:849][693]LogEditorViewport: Clicking on Component (LMB): CameraComponent (SideViewCam